
*** Running vivado
    with args -log fx.vds -m64 -product Vivado -mode batch -messageDb vivado.pb -notrace -source fx.tcl



****** Vivado v2021.1 (64-bit)
  **** SW Build 3247384 on Thu Jun 10 19:36:33 MDT 2021
  **** IP Build 3246043 on Fri Jun 11 00:30:35 MDT 2021
    ** Copyright 1986-2021 Xilinx, Inc. All Rights Reserved.

source fx.tcl -notrace
INFO: [IP_Flow 19-234] Refreshing IP repositories
INFO: [IP_Flow 19-1700] Loaded user IP repository 'c:/Users/yaroslav/Desktop/bachelor-project/vivado/ips/effects'.
INFO: [IP_Flow 19-2313] Loaded Vivado IP repository 'D:/Xilinx/Vivado/2021.1/data/ip'.
Command: synth_design -top fx -part xc7z010clg400-1
Starting synth_design
Attempting to get a license for feature 'Synthesis' and/or device 'xc7z010'
INFO: [Common 17-349] Got license for feature 'Synthesis' and/or device 'xc7z010'
INFO: [Device 21-403] Loading part xc7z010clg400-1
INFO: [Synth 8-7079] Multithreading enabled for synth_design using a maximum of 2 processes.
INFO: [Synth 8-7078] Launching helper process for spawning children vivado processes
INFO: [Synth 8-7075] Helper process launched with PID 34308
WARNING: [Synth 8-2507] parameter declaration becomes local in fx with formal parameter declaration list [C:/Users/yaroslav/Desktop/bachelor-project/vivado/ips/fx/fx.srcs/sources_1/new/fx.v:36]
---------------------------------------------------------------------------------
Starting RTL Elaboration : Time (s): cpu = 00:00:04 ; elapsed = 00:00:05 . Memory (MB): peak = 1222.551 ; gain = 0.000
---------------------------------------------------------------------------------
INFO: [Synth 8-6157] synthesizing module 'fx' [C:/Users/yaroslav/Desktop/bachelor-project/vivado/ips/fx/fx.srcs/sources_1/new/fx.v:23]
INFO: [Synth 8-6157] synthesizing module 'design_1_wrapper' [c:/Users/yaroslav/Desktop/bachelor-project/vivado/ips/fx/fx.gen/sources_1/bd/design_1/hdl/design_1_wrapper.v:12]
INFO: [Synth 8-6157] synthesizing module 'design_1' [c:/Users/yaroslav/Desktop/bachelor-project/vivado/ips/fx/fx.gen/sources_1/bd/design_1/synth/design_1.v:13]
INFO: [Synth 8-6157] synthesizing module 'design_1_gain_0_0' [C:/Users/yaroslav/Desktop/bachelor-project/vivado/ips/fx/fx.runs/synth_1/.Xil/Vivado-34528-KOMPUTER/realtime/design_1_gain_0_0_stub.v:6]
INFO: [Synth 8-6155] done synthesizing module 'design_1_gain_0_0' (1#1) [C:/Users/yaroslav/Desktop/bachelor-project/vivado/ips/fx/fx.runs/synth_1/.Xil/Vivado-34528-KOMPUTER/realtime/design_1_gain_0_0_stub.v:6]
INFO: [Synth 8-6157] synthesizing module 'design_1_overdrive_0_0' [C:/Users/yaroslav/Desktop/bachelor-project/vivado/ips/fx/fx.runs/synth_1/.Xil/Vivado-34528-KOMPUTER/realtime/design_1_overdrive_0_0_stub.v:6]
INFO: [Synth 8-6155] done synthesizing module 'design_1_overdrive_0_0' (2#1) [C:/Users/yaroslav/Desktop/bachelor-project/vivado/ips/fx/fx.runs/synth_1/.Xil/Vivado-34528-KOMPUTER/realtime/design_1_overdrive_0_0_stub.v:6]
INFO: [Synth 8-6155] done synthesizing module 'design_1' (3#1) [c:/Users/yaroslav/Desktop/bachelor-project/vivado/ips/fx/fx.gen/sources_1/bd/design_1/synth/design_1.v:13]
INFO: [Synth 8-6155] done synthesizing module 'design_1_wrapper' (4#1) [c:/Users/yaroslav/Desktop/bachelor-project/vivado/ips/fx/fx.gen/sources_1/bd/design_1/hdl/design_1_wrapper.v:12]
WARNING: [Synth 8-6104] Input port 'left_channel_out' has an internal driver [C:/Users/yaroslav/Desktop/bachelor-project/vivado/ips/fx/fx.srcs/sources_1/new/fx.v:44]
WARNING: [Synth 8-6104] Input port 'right_channel_out' has an internal driver [C:/Users/yaroslav/Desktop/bachelor-project/vivado/ips/fx/fx.srcs/sources_1/new/fx.v:45]
INFO: [Synth 8-6155] done synthesizing module 'fx' (5#1) [C:/Users/yaroslav/Desktop/bachelor-project/vivado/ips/fx/fx.srcs/sources_1/new/fx.v:23]
---------------------------------------------------------------------------------
Finished RTL Elaboration : Time (s): cpu = 00:00:06 ; elapsed = 00:00:06 . Memory (MB): peak = 1222.551 ; gain = 0.000
---------------------------------------------------------------------------------
CRITICAL WARNING: [Synth 8-6859] multi-driven net on pin left_channel_out[31] with 1st driver pin 'effects/design_1_i/overdrive_0/left_channel_out[31]' [c:/Users/yaroslav/Desktop/bachelor-project/vivado/ips/fx/fx.gen/sources_1/bd/design_1/synth/design_1.v:67]
CRITICAL WARNING: [Synth 8-6859] multi-driven net on pin left_channel_out[31] with 2nd driver pin 'left_channel_out[31]' [C:/Users/yaroslav/Desktop/bachelor-project/vivado/ips/fx/fx.srcs/sources_1/new/fx.v:23]
CRITICAL WARNING: [Synth 8-6859] multi-driven net on pin left_channel_out[30] with 1st driver pin 'effects/design_1_i/overdrive_0/left_channel_out[30]' [c:/Users/yaroslav/Desktop/bachelor-project/vivado/ips/fx/fx.gen/sources_1/bd/design_1/synth/design_1.v:67]
CRITICAL WARNING: [Synth 8-6859] multi-driven net on pin left_channel_out[30] with 2nd driver pin 'left_channel_out[30]' [C:/Users/yaroslav/Desktop/bachelor-project/vivado/ips/fx/fx.srcs/sources_1/new/fx.v:23]
CRITICAL WARNING: [Synth 8-6859] multi-driven net on pin left_channel_out[29] with 1st driver pin 'effects/design_1_i/overdrive_0/left_channel_out[29]' [c:/Users/yaroslav/Desktop/bachelor-project/vivado/ips/fx/fx.gen/sources_1/bd/design_1/synth/design_1.v:67]
CRITICAL WARNING: [Synth 8-6859] multi-driven net on pin left_channel_out[29] with 2nd driver pin 'left_channel_out[29]' [C:/Users/yaroslav/Desktop/bachelor-project/vivado/ips/fx/fx.srcs/sources_1/new/fx.v:23]
CRITICAL WARNING: [Synth 8-6859] multi-driven net on pin left_channel_out[28] with 1st driver pin 'effects/design_1_i/overdrive_0/left_channel_out[28]' [c:/Users/yaroslav/Desktop/bachelor-project/vivado/ips/fx/fx.gen/sources_1/bd/design_1/synth/design_1.v:67]
CRITICAL WARNING: [Synth 8-6859] multi-driven net on pin left_channel_out[28] with 2nd driver pin 'left_channel_out[28]' [C:/Users/yaroslav/Desktop/bachelor-project/vivado/ips/fx/fx.srcs/sources_1/new/fx.v:23]
CRITICAL WARNING: [Synth 8-6859] multi-driven net on pin left_channel_out[27] with 1st driver pin 'effects/design_1_i/overdrive_0/left_channel_out[27]' [c:/Users/yaroslav/Desktop/bachelor-project/vivado/ips/fx/fx.gen/sources_1/bd/design_1/synth/design_1.v:67]
CRITICAL WARNING: [Synth 8-6859] multi-driven net on pin left_channel_out[27] with 2nd driver pin 'left_channel_out[27]' [C:/Users/yaroslav/Desktop/bachelor-project/vivado/ips/fx/fx.srcs/sources_1/new/fx.v:23]
CRITICAL WARNING: [Synth 8-6859] multi-driven net on pin left_channel_out[26] with 1st driver pin 'effects/design_1_i/overdrive_0/left_channel_out[26]' [c:/Users/yaroslav/Desktop/bachelor-project/vivado/ips/fx/fx.gen/sources_1/bd/design_1/synth/design_1.v:67]
CRITICAL WARNING: [Synth 8-6859] multi-driven net on pin left_channel_out[26] with 2nd driver pin 'left_channel_out[26]' [C:/Users/yaroslav/Desktop/bachelor-project/vivado/ips/fx/fx.srcs/sources_1/new/fx.v:23]
CRITICAL WARNING: [Synth 8-6859] multi-driven net on pin left_channel_out[25] with 1st driver pin 'effects/design_1_i/overdrive_0/left_channel_out[25]' [c:/Users/yaroslav/Desktop/bachelor-project/vivado/ips/fx/fx.gen/sources_1/bd/design_1/synth/design_1.v:67]
CRITICAL WARNING: [Synth 8-6859] multi-driven net on pin left_channel_out[25] with 2nd driver pin 'left_channel_out[25]' [C:/Users/yaroslav/Desktop/bachelor-project/vivado/ips/fx/fx.srcs/sources_1/new/fx.v:23]
CRITICAL WARNING: [Synth 8-6859] multi-driven net on pin left_channel_out[24] with 1st driver pin 'effects/design_1_i/overdrive_0/left_channel_out[24]' [c:/Users/yaroslav/Desktop/bachelor-project/vivado/ips/fx/fx.gen/sources_1/bd/design_1/synth/design_1.v:67]
CRITICAL WARNING: [Synth 8-6859] multi-driven net on pin left_channel_out[24] with 2nd driver pin 'left_channel_out[24]' [C:/Users/yaroslav/Desktop/bachelor-project/vivado/ips/fx/fx.srcs/sources_1/new/fx.v:23]
CRITICAL WARNING: [Synth 8-6859] multi-driven net on pin left_channel_out[23] with 1st driver pin 'effects/design_1_i/overdrive_0/left_channel_out[23]' [c:/Users/yaroslav/Desktop/bachelor-project/vivado/ips/fx/fx.gen/sources_1/bd/design_1/synth/design_1.v:67]
CRITICAL WARNING: [Synth 8-6859] multi-driven net on pin left_channel_out[23] with 2nd driver pin 'left_channel_out[23]' [C:/Users/yaroslav/Desktop/bachelor-project/vivado/ips/fx/fx.srcs/sources_1/new/fx.v:23]
CRITICAL WARNING: [Synth 8-6859] multi-driven net on pin left_channel_out[22] with 1st driver pin 'effects/design_1_i/overdrive_0/left_channel_out[22]' [c:/Users/yaroslav/Desktop/bachelor-project/vivado/ips/fx/fx.gen/sources_1/bd/design_1/synth/design_1.v:67]
CRITICAL WARNING: [Synth 8-6859] multi-driven net on pin left_channel_out[22] with 2nd driver pin 'left_channel_out[22]' [C:/Users/yaroslav/Desktop/bachelor-project/vivado/ips/fx/fx.srcs/sources_1/new/fx.v:23]
CRITICAL WARNING: [Synth 8-6859] multi-driven net on pin left_channel_out[21] with 1st driver pin 'effects/design_1_i/overdrive_0/left_channel_out[21]' [c:/Users/yaroslav/Desktop/bachelor-project/vivado/ips/fx/fx.gen/sources_1/bd/design_1/synth/design_1.v:67]
CRITICAL WARNING: [Synth 8-6859] multi-driven net on pin left_channel_out[21] with 2nd driver pin 'left_channel_out[21]' [C:/Users/yaroslav/Desktop/bachelor-project/vivado/ips/fx/fx.srcs/sources_1/new/fx.v:23]
CRITICAL WARNING: [Synth 8-6859] multi-driven net on pin left_channel_out[20] with 1st driver pin 'effects/design_1_i/overdrive_0/left_channel_out[20]' [c:/Users/yaroslav/Desktop/bachelor-project/vivado/ips/fx/fx.gen/sources_1/bd/design_1/synth/design_1.v:67]
CRITICAL WARNING: [Synth 8-6859] multi-driven net on pin left_channel_out[20] with 2nd driver pin 'left_channel_out[20]' [C:/Users/yaroslav/Desktop/bachelor-project/vivado/ips/fx/fx.srcs/sources_1/new/fx.v:23]
CRITICAL WARNING: [Synth 8-6859] multi-driven net on pin left_channel_out[19] with 1st driver pin 'effects/design_1_i/overdrive_0/left_channel_out[19]' [c:/Users/yaroslav/Desktop/bachelor-project/vivado/ips/fx/fx.gen/sources_1/bd/design_1/synth/design_1.v:67]
CRITICAL WARNING: [Synth 8-6859] multi-driven net on pin left_channel_out[19] with 2nd driver pin 'left_channel_out[19]' [C:/Users/yaroslav/Desktop/bachelor-project/vivado/ips/fx/fx.srcs/sources_1/new/fx.v:23]
CRITICAL WARNING: [Synth 8-6859] multi-driven net on pin left_channel_out[18] with 1st driver pin 'effects/design_1_i/overdrive_0/left_channel_out[18]' [c:/Users/yaroslav/Desktop/bachelor-project/vivado/ips/fx/fx.gen/sources_1/bd/design_1/synth/design_1.v:67]
CRITICAL WARNING: [Synth 8-6859] multi-driven net on pin left_channel_out[18] with 2nd driver pin 'left_channel_out[18]' [C:/Users/yaroslav/Desktop/bachelor-project/vivado/ips/fx/fx.srcs/sources_1/new/fx.v:23]
CRITICAL WARNING: [Synth 8-6859] multi-driven net on pin left_channel_out[17] with 1st driver pin 'effects/design_1_i/overdrive_0/left_channel_out[17]' [c:/Users/yaroslav/Desktop/bachelor-project/vivado/ips/fx/fx.gen/sources_1/bd/design_1/synth/design_1.v:67]
CRITICAL WARNING: [Synth 8-6859] multi-driven net on pin left_channel_out[17] with 2nd driver pin 'left_channel_out[17]' [C:/Users/yaroslav/Desktop/bachelor-project/vivado/ips/fx/fx.srcs/sources_1/new/fx.v:23]
CRITICAL WARNING: [Synth 8-6859] multi-driven net on pin left_channel_out[16] with 1st driver pin 'effects/design_1_i/overdrive_0/left_channel_out[16]' [c:/Users/yaroslav/Desktop/bachelor-project/vivado/ips/fx/fx.gen/sources_1/bd/design_1/synth/design_1.v:67]
CRITICAL WARNING: [Synth 8-6859] multi-driven net on pin left_channel_out[16] with 2nd driver pin 'left_channel_out[16]' [C:/Users/yaroslav/Desktop/bachelor-project/vivado/ips/fx/fx.srcs/sources_1/new/fx.v:23]
CRITICAL WARNING: [Synth 8-6859] multi-driven net on pin left_channel_out[15] with 1st driver pin 'effects/design_1_i/overdrive_0/left_channel_out[15]' [c:/Users/yaroslav/Desktop/bachelor-project/vivado/ips/fx/fx.gen/sources_1/bd/design_1/synth/design_1.v:67]
CRITICAL WARNING: [Synth 8-6859] multi-driven net on pin left_channel_out[15] with 2nd driver pin 'left_channel_out[15]' [C:/Users/yaroslav/Desktop/bachelor-project/vivado/ips/fx/fx.srcs/sources_1/new/fx.v:23]
CRITICAL WARNING: [Synth 8-6859] multi-driven net on pin left_channel_out[14] with 1st driver pin 'effects/design_1_i/overdrive_0/left_channel_out[14]' [c:/Users/yaroslav/Desktop/bachelor-project/vivado/ips/fx/fx.gen/sources_1/bd/design_1/synth/design_1.v:67]
CRITICAL WARNING: [Synth 8-6859] multi-driven net on pin left_channel_out[14] with 2nd driver pin 'left_channel_out[14]' [C:/Users/yaroslav/Desktop/bachelor-project/vivado/ips/fx/fx.srcs/sources_1/new/fx.v:23]
CRITICAL WARNING: [Synth 8-6859] multi-driven net on pin left_channel_out[13] with 1st driver pin 'effects/design_1_i/overdrive_0/left_channel_out[13]' [c:/Users/yaroslav/Desktop/bachelor-project/vivado/ips/fx/fx.gen/sources_1/bd/design_1/synth/design_1.v:67]
CRITICAL WARNING: [Synth 8-6859] multi-driven net on pin left_channel_out[13] with 2nd driver pin 'left_channel_out[13]' [C:/Users/yaroslav/Desktop/bachelor-project/vivado/ips/fx/fx.srcs/sources_1/new/fx.v:23]
CRITICAL WARNING: [Synth 8-6859] multi-driven net on pin left_channel_out[12] with 1st driver pin 'effects/design_1_i/overdrive_0/left_channel_out[12]' [c:/Users/yaroslav/Desktop/bachelor-project/vivado/ips/fx/fx.gen/sources_1/bd/design_1/synth/design_1.v:67]
CRITICAL WARNING: [Synth 8-6859] multi-driven net on pin left_channel_out[12] with 2nd driver pin 'left_channel_out[12]' [C:/Users/yaroslav/Desktop/bachelor-project/vivado/ips/fx/fx.srcs/sources_1/new/fx.v:23]
CRITICAL WARNING: [Synth 8-6859] multi-driven net on pin left_channel_out[11] with 1st driver pin 'effects/design_1_i/overdrive_0/left_channel_out[11]' [c:/Users/yaroslav/Desktop/bachelor-project/vivado/ips/fx/fx.gen/sources_1/bd/design_1/synth/design_1.v:67]
CRITICAL WARNING: [Synth 8-6859] multi-driven net on pin left_channel_out[11] with 2nd driver pin 'left_channel_out[11]' [C:/Users/yaroslav/Desktop/bachelor-project/vivado/ips/fx/fx.srcs/sources_1/new/fx.v:23]
CRITICAL WARNING: [Synth 8-6859] multi-driven net on pin left_channel_out[10] with 1st driver pin 'effects/design_1_i/overdrive_0/left_channel_out[10]' [c:/Users/yaroslav/Desktop/bachelor-project/vivado/ips/fx/fx.gen/sources_1/bd/design_1/synth/design_1.v:67]
CRITICAL WARNING: [Synth 8-6859] multi-driven net on pin left_channel_out[10] with 2nd driver pin 'left_channel_out[10]' [C:/Users/yaroslav/Desktop/bachelor-project/vivado/ips/fx/fx.srcs/sources_1/new/fx.v:23]
CRITICAL WARNING: [Synth 8-6859] multi-driven net on pin left_channel_out[9] with 1st driver pin 'effects/design_1_i/overdrive_0/left_channel_out[9]' [c:/Users/yaroslav/Desktop/bachelor-project/vivado/ips/fx/fx.gen/sources_1/bd/design_1/synth/design_1.v:67]
CRITICAL WARNING: [Synth 8-6859] multi-driven net on pin left_channel_out[9] with 2nd driver pin 'left_channel_out[9]' [C:/Users/yaroslav/Desktop/bachelor-project/vivado/ips/fx/fx.srcs/sources_1/new/fx.v:23]
CRITICAL WARNING: [Synth 8-6859] multi-driven net on pin left_channel_out[8] with 1st driver pin 'effects/design_1_i/overdrive_0/left_channel_out[8]' [c:/Users/yaroslav/Desktop/bachelor-project/vivado/ips/fx/fx.gen/sources_1/bd/design_1/synth/design_1.v:67]
CRITICAL WARNING: [Synth 8-6859] multi-driven net on pin left_channel_out[8] with 2nd driver pin 'left_channel_out[8]' [C:/Users/yaroslav/Desktop/bachelor-project/vivado/ips/fx/fx.srcs/sources_1/new/fx.v:23]
CRITICAL WARNING: [Synth 8-6859] multi-driven net on pin left_channel_out[7] with 1st driver pin 'effects/design_1_i/overdrive_0/left_channel_out[7]' [c:/Users/yaroslav/Desktop/bachelor-project/vivado/ips/fx/fx.gen/sources_1/bd/design_1/synth/design_1.v:67]
CRITICAL WARNING: [Synth 8-6859] multi-driven net on pin left_channel_out[7] with 2nd driver pin 'left_channel_out[7]' [C:/Users/yaroslav/Desktop/bachelor-project/vivado/ips/fx/fx.srcs/sources_1/new/fx.v:23]
CRITICAL WARNING: [Synth 8-6859] multi-driven net on pin left_channel_out[6] with 1st driver pin 'effects/design_1_i/overdrive_0/left_channel_out[6]' [c:/Users/yaroslav/Desktop/bachelor-project/vivado/ips/fx/fx.gen/sources_1/bd/design_1/synth/design_1.v:67]
CRITICAL WARNING: [Synth 8-6859] multi-driven net on pin left_channel_out[6] with 2nd driver pin 'left_channel_out[6]' [C:/Users/yaroslav/Desktop/bachelor-project/vivado/ips/fx/fx.srcs/sources_1/new/fx.v:23]
CRITICAL WARNING: [Synth 8-6859] multi-driven net on pin left_channel_out[5] with 1st driver pin 'effects/design_1_i/overdrive_0/left_channel_out[5]' [c:/Users/yaroslav/Desktop/bachelor-project/vivado/ips/fx/fx.gen/sources_1/bd/design_1/synth/design_1.v:67]
CRITICAL WARNING: [Synth 8-6859] multi-driven net on pin left_channel_out[5] with 2nd driver pin 'left_channel_out[5]' [C:/Users/yaroslav/Desktop/bachelor-project/vivado/ips/fx/fx.srcs/sources_1/new/fx.v:23]
CRITICAL WARNING: [Synth 8-6859] multi-driven net on pin left_channel_out[4] with 1st driver pin 'effects/design_1_i/overdrive_0/left_channel_out[4]' [c:/Users/yaroslav/Desktop/bachelor-project/vivado/ips/fx/fx.gen/sources_1/bd/design_1/synth/design_1.v:67]
CRITICAL WARNING: [Synth 8-6859] multi-driven net on pin left_channel_out[4] with 2nd driver pin 'left_channel_out[4]' [C:/Users/yaroslav/Desktop/bachelor-project/vivado/ips/fx/fx.srcs/sources_1/new/fx.v:23]
CRITICAL WARNING: [Synth 8-6859] multi-driven net on pin left_channel_out[3] with 1st driver pin 'effects/design_1_i/overdrive_0/left_channel_out[3]' [c:/Users/yaroslav/Desktop/bachelor-project/vivado/ips/fx/fx.gen/sources_1/bd/design_1/synth/design_1.v:67]
CRITICAL WARNING: [Synth 8-6859] multi-driven net on pin left_channel_out[3] with 2nd driver pin 'left_channel_out[3]' [C:/Users/yaroslav/Desktop/bachelor-project/vivado/ips/fx/fx.srcs/sources_1/new/fx.v:23]
CRITICAL WARNING: [Synth 8-6859] multi-driven net on pin left_channel_out[2] with 1st driver pin 'effects/design_1_i/overdrive_0/left_channel_out[2]' [c:/Users/yaroslav/Desktop/bachelor-project/vivado/ips/fx/fx.gen/sources_1/bd/design_1/synth/design_1.v:67]
CRITICAL WARNING: [Synth 8-6859] multi-driven net on pin left_channel_out[2] with 2nd driver pin 'left_channel_out[2]' [C:/Users/yaroslav/Desktop/bachelor-project/vivado/ips/fx/fx.srcs/sources_1/new/fx.v:23]
CRITICAL WARNING: [Synth 8-6859] multi-driven net on pin left_channel_out[1] with 1st driver pin 'effects/design_1_i/overdrive_0/left_channel_out[1]' [c:/Users/yaroslav/Desktop/bachelor-project/vivado/ips/fx/fx.gen/sources_1/bd/design_1/synth/design_1.v:67]
CRITICAL WARNING: [Synth 8-6859] multi-driven net on pin left_channel_out[1] with 2nd driver pin 'left_channel_out[1]' [C:/Users/yaroslav/Desktop/bachelor-project/vivado/ips/fx/fx.srcs/sources_1/new/fx.v:23]
CRITICAL WARNING: [Synth 8-6859] multi-driven net on pin left_channel_out[0] with 1st driver pin 'effects/design_1_i/overdrive_0/left_channel_out[0]' [c:/Users/yaroslav/Desktop/bachelor-project/vivado/ips/fx/fx.gen/sources_1/bd/design_1/synth/design_1.v:67]
CRITICAL WARNING: [Synth 8-6859] multi-driven net on pin left_channel_out[0] with 2nd driver pin 'left_channel_out[0]' [C:/Users/yaroslav/Desktop/bachelor-project/vivado/ips/fx/fx.srcs/sources_1/new/fx.v:23]
CRITICAL WARNING: [Synth 8-6859] multi-driven net on pin right_channel_out[31] with 1st driver pin 'effects/design_1_i/overdrive_0/right_channel_out[31]' [c:/Users/yaroslav/Desktop/bachelor-project/vivado/ips/fx/fx.gen/sources_1/bd/design_1/synth/design_1.v:67]
CRITICAL WARNING: [Synth 8-6859] multi-driven net on pin right_channel_out[31] with 2nd driver pin 'right_channel_out[31]' [C:/Users/yaroslav/Desktop/bachelor-project/vivado/ips/fx/fx.srcs/sources_1/new/fx.v:23]
CRITICAL WARNING: [Synth 8-6859] multi-driven net on pin right_channel_out[30] with 1st driver pin 'effects/design_1_i/overdrive_0/right_channel_out[30]' [c:/Users/yaroslav/Desktop/bachelor-project/vivado/ips/fx/fx.gen/sources_1/bd/design_1/synth/design_1.v:67]
CRITICAL WARNING: [Synth 8-6859] multi-driven net on pin right_channel_out[30] with 2nd driver pin 'right_channel_out[30]' [C:/Users/yaroslav/Desktop/bachelor-project/vivado/ips/fx/fx.srcs/sources_1/new/fx.v:23]
CRITICAL WARNING: [Synth 8-6859] multi-driven net on pin right_channel_out[29] with 1st driver pin 'effects/design_1_i/overdrive_0/right_channel_out[29]' [c:/Users/yaroslav/Desktop/bachelor-project/vivado/ips/fx/fx.gen/sources_1/bd/design_1/synth/design_1.v:67]
CRITICAL WARNING: [Synth 8-6859] multi-driven net on pin right_channel_out[29] with 2nd driver pin 'right_channel_out[29]' [C:/Users/yaroslav/Desktop/bachelor-project/vivado/ips/fx/fx.srcs/sources_1/new/fx.v:23]
CRITICAL WARNING: [Synth 8-6859] multi-driven net on pin right_channel_out[28] with 1st driver pin 'effects/design_1_i/overdrive_0/right_channel_out[28]' [c:/Users/yaroslav/Desktop/bachelor-project/vivado/ips/fx/fx.gen/sources_1/bd/design_1/synth/design_1.v:67]
CRITICAL WARNING: [Synth 8-6859] multi-driven net on pin right_channel_out[28] with 2nd driver pin 'right_channel_out[28]' [C:/Users/yaroslav/Desktop/bachelor-project/vivado/ips/fx/fx.srcs/sources_1/new/fx.v:23]
CRITICAL WARNING: [Synth 8-6859] multi-driven net on pin right_channel_out[27] with 1st driver pin 'effects/design_1_i/overdrive_0/right_channel_out[27]' [c:/Users/yaroslav/Desktop/bachelor-project/vivado/ips/fx/fx.gen/sources_1/bd/design_1/synth/design_1.v:67]
CRITICAL WARNING: [Synth 8-6859] multi-driven net on pin right_channel_out[27] with 2nd driver pin 'right_channel_out[27]' [C:/Users/yaroslav/Desktop/bachelor-project/vivado/ips/fx/fx.srcs/sources_1/new/fx.v:23]
CRITICAL WARNING: [Synth 8-6859] multi-driven net on pin right_channel_out[26] with 1st driver pin 'effects/design_1_i/overdrive_0/right_channel_out[26]' [c:/Users/yaroslav/Desktop/bachelor-project/vivado/ips/fx/fx.gen/sources_1/bd/design_1/synth/design_1.v:67]
CRITICAL WARNING: [Synth 8-6859] multi-driven net on pin right_channel_out[26] with 2nd driver pin 'right_channel_out[26]' [C:/Users/yaroslav/Desktop/bachelor-project/vivado/ips/fx/fx.srcs/sources_1/new/fx.v:23]
CRITICAL WARNING: [Synth 8-6859] multi-driven net on pin right_channel_out[25] with 1st driver pin 'effects/design_1_i/overdrive_0/right_channel_out[25]' [c:/Users/yaroslav/Desktop/bachelor-project/vivado/ips/fx/fx.gen/sources_1/bd/design_1/synth/design_1.v:67]
CRITICAL WARNING: [Synth 8-6859] multi-driven net on pin right_channel_out[25] with 2nd driver pin 'right_channel_out[25]' [C:/Users/yaroslav/Desktop/bachelor-project/vivado/ips/fx/fx.srcs/sources_1/new/fx.v:23]
CRITICAL WARNING: [Synth 8-6859] multi-driven net on pin right_channel_out[24] with 1st driver pin 'effects/design_1_i/overdrive_0/right_channel_out[24]' [c:/Users/yaroslav/Desktop/bachelor-project/vivado/ips/fx/fx.gen/sources_1/bd/design_1/synth/design_1.v:67]
CRITICAL WARNING: [Synth 8-6859] multi-driven net on pin right_channel_out[24] with 2nd driver pin 'right_channel_out[24]' [C:/Users/yaroslav/Desktop/bachelor-project/vivado/ips/fx/fx.srcs/sources_1/new/fx.v:23]
CRITICAL WARNING: [Synth 8-6859] multi-driven net on pin right_channel_out[23] with 1st driver pin 'effects/design_1_i/overdrive_0/right_channel_out[23]' [c:/Users/yaroslav/Desktop/bachelor-project/vivado/ips/fx/fx.gen/sources_1/bd/design_1/synth/design_1.v:67]
CRITICAL WARNING: [Synth 8-6859] multi-driven net on pin right_channel_out[23] with 2nd driver pin 'right_channel_out[23]' [C:/Users/yaroslav/Desktop/bachelor-project/vivado/ips/fx/fx.srcs/sources_1/new/fx.v:23]
CRITICAL WARNING: [Synth 8-6859] multi-driven net on pin right_channel_out[22] with 1st driver pin 'effects/design_1_i/overdrive_0/right_channel_out[22]' [c:/Users/yaroslav/Desktop/bachelor-project/vivado/ips/fx/fx.gen/sources_1/bd/design_1/synth/design_1.v:67]
CRITICAL WARNING: [Synth 8-6859] multi-driven net on pin right_channel_out[22] with 2nd driver pin 'right_channel_out[22]' [C:/Users/yaroslav/Desktop/bachelor-project/vivado/ips/fx/fx.srcs/sources_1/new/fx.v:23]
CRITICAL WARNING: [Synth 8-6859] multi-driven net on pin right_channel_out[21] with 1st driver pin 'effects/design_1_i/overdrive_0/right_channel_out[21]' [c:/Users/yaroslav/Desktop/bachelor-project/vivado/ips/fx/fx.gen/sources_1/bd/design_1/synth/design_1.v:67]
CRITICAL WARNING: [Synth 8-6859] multi-driven net on pin right_channel_out[21] with 2nd driver pin 'right_channel_out[21]' [C:/Users/yaroslav/Desktop/bachelor-project/vivado/ips/fx/fx.srcs/sources_1/new/fx.v:23]
CRITICAL WARNING: [Synth 8-6859] multi-driven net on pin right_channel_out[20] with 1st driver pin 'effects/design_1_i/overdrive_0/right_channel_out[20]' [c:/Users/yaroslav/Desktop/bachelor-project/vivado/ips/fx/fx.gen/sources_1/bd/design_1/synth/design_1.v:67]
CRITICAL WARNING: [Synth 8-6859] multi-driven net on pin right_channel_out[20] with 2nd driver pin 'right_channel_out[20]' [C:/Users/yaroslav/Desktop/bachelor-project/vivado/ips/fx/fx.srcs/sources_1/new/fx.v:23]
CRITICAL WARNING: [Synth 8-6859] multi-driven net on pin right_channel_out[19] with 1st driver pin 'effects/design_1_i/overdrive_0/right_channel_out[19]' [c:/Users/yaroslav/Desktop/bachelor-project/vivado/ips/fx/fx.gen/sources_1/bd/design_1/synth/design_1.v:67]
CRITICAL WARNING: [Synth 8-6859] multi-driven net on pin right_channel_out[19] with 2nd driver pin 'right_channel_out[19]' [C:/Users/yaroslav/Desktop/bachelor-project/vivado/ips/fx/fx.srcs/sources_1/new/fx.v:23]
CRITICAL WARNING: [Synth 8-6859] multi-driven net on pin right_channel_out[18] with 1st driver pin 'effects/design_1_i/overdrive_0/right_channel_out[18]' [c:/Users/yaroslav/Desktop/bachelor-project/vivado/ips/fx/fx.gen/sources_1/bd/design_1/synth/design_1.v:67]
CRITICAL WARNING: [Synth 8-6859] multi-driven net on pin right_channel_out[18] with 2nd driver pin 'right_channel_out[18]' [C:/Users/yaroslav/Desktop/bachelor-project/vivado/ips/fx/fx.srcs/sources_1/new/fx.v:23]
CRITICAL WARNING: [Synth 8-6859] multi-driven net on pin right_channel_out[17] with 1st driver pin 'effects/design_1_i/overdrive_0/right_channel_out[17]' [c:/Users/yaroslav/Desktop/bachelor-project/vivado/ips/fx/fx.gen/sources_1/bd/design_1/synth/design_1.v:67]
CRITICAL WARNING: [Synth 8-6859] multi-driven net on pin right_channel_out[17] with 2nd driver pin 'right_channel_out[17]' [C:/Users/yaroslav/Desktop/bachelor-project/vivado/ips/fx/fx.srcs/sources_1/new/fx.v:23]
CRITICAL WARNING: [Synth 8-6859] multi-driven net on pin right_channel_out[16] with 1st driver pin 'effects/design_1_i/overdrive_0/right_channel_out[16]' [c:/Users/yaroslav/Desktop/bachelor-project/vivado/ips/fx/fx.gen/sources_1/bd/design_1/synth/design_1.v:67]
CRITICAL WARNING: [Synth 8-6859] multi-driven net on pin right_channel_out[16] with 2nd driver pin 'right_channel_out[16]' [C:/Users/yaroslav/Desktop/bachelor-project/vivado/ips/fx/fx.srcs/sources_1/new/fx.v:23]
CRITICAL WARNING: [Synth 8-6859] multi-driven net on pin right_channel_out[15] with 1st driver pin 'effects/design_1_i/overdrive_0/right_channel_out[15]' [c:/Users/yaroslav/Desktop/bachelor-project/vivado/ips/fx/fx.gen/sources_1/bd/design_1/synth/design_1.v:67]
CRITICAL WARNING: [Synth 8-6859] multi-driven net on pin right_channel_out[15] with 2nd driver pin 'right_channel_out[15]' [C:/Users/yaroslav/Desktop/bachelor-project/vivado/ips/fx/fx.srcs/sources_1/new/fx.v:23]
CRITICAL WARNING: [Synth 8-6859] multi-driven net on pin right_channel_out[14] with 1st driver pin 'effects/design_1_i/overdrive_0/right_channel_out[14]' [c:/Users/yaroslav/Desktop/bachelor-project/vivado/ips/fx/fx.gen/sources_1/bd/design_1/synth/design_1.v:67]
CRITICAL WARNING: [Synth 8-6859] multi-driven net on pin right_channel_out[14] with 2nd driver pin 'right_channel_out[14]' [C:/Users/yaroslav/Desktop/bachelor-project/vivado/ips/fx/fx.srcs/sources_1/new/fx.v:23]
INFO: [Common 17-14] Message 'Synth 8-6859' appears 100 times and further instances of the messages will be disabled. Use the Tcl command set_msg_config to change the current settings.

Report Check Netlist: 
+------+------------------+-------+---------+-------+------------------+
|      |Item              |Errors |Warnings |Status |Description       |
+------+------------------+-------+---------+-------+------------------+
|1     |multi_driven_nets |      0|       64|Failed |Multi driven nets |
+------+------------------+-------+---------+-------+------------------+
---------------------------------------------------------------------------------
Start Handling Custom Attributes
---------------------------------------------------------------------------------
---------------------------------------------------------------------------------
Finished Handling Custom Attributes : Time (s): cpu = 00:00:06 ; elapsed = 00:00:07 . Memory (MB): peak = 1222.551 ; gain = 0.000
---------------------------------------------------------------------------------
---------------------------------------------------------------------------------
Finished RTL Optimization Phase 1 : Time (s): cpu = 00:00:06 ; elapsed = 00:00:07 . Memory (MB): peak = 1222.551 ; gain = 0.000
---------------------------------------------------------------------------------
Netlist sorting complete. Time (s): cpu = 00:00:00 ; elapsed = 00:00:00.011 . Memory (MB): peak = 1222.551 ; gain = 0.000
INFO: [Project 1-570] Preparing netlist for logic optimization

Processing XDC Constraints
Initializing timing engine
Parsing XDC File [c:/Users/yaroslav/Desktop/bachelor-project/vivado/ips/fx/fx.gen/sources_1/bd/design_1/ip/design_1_overdrive_0_0/design_1_overdrive_0_0/design_1_overdrive_0_0_in_context.xdc] for cell 'effects/design_1_i/overdrive_0'
Finished Parsing XDC File [c:/Users/yaroslav/Desktop/bachelor-project/vivado/ips/fx/fx.gen/sources_1/bd/design_1/ip/design_1_overdrive_0_0/design_1_overdrive_0_0/design_1_overdrive_0_0_in_context.xdc] for cell 'effects/design_1_i/overdrive_0'
Parsing XDC File [c:/Users/yaroslav/Desktop/bachelor-project/vivado/ips/fx/fx.gen/sources_1/bd/design_1/ip/design_1_gain_0_0/design_1_gain_0_0/design_1_gain_0_0_in_context.xdc] for cell 'effects/design_1_i/gain_0'
Finished Parsing XDC File [c:/Users/yaroslav/Desktop/bachelor-project/vivado/ips/fx/fx.gen/sources_1/bd/design_1/ip/design_1_gain_0_0/design_1_gain_0_0/design_1_gain_0_0_in_context.xdc] for cell 'effects/design_1_i/gain_0'
Parsing XDC File [C:/Users/yaroslav/Desktop/bachelor-project/vivado/ips/fx/fx.runs/synth_1/dont_touch.xdc]
Finished Parsing XDC File [C:/Users/yaroslav/Desktop/bachelor-project/vivado/ips/fx/fx.runs/synth_1/dont_touch.xdc]
Completed Processing XDC Constraints

Netlist sorting complete. Time (s): cpu = 00:00:00 ; elapsed = 00:00:00 . Memory (MB): peak = 1222.551 ; gain = 0.000
INFO: [Project 1-111] Unisim Transformation Summary:
No Unisim elements were transformed.

Constraint Validation Runtime : Time (s): cpu = 00:00:00 ; elapsed = 00:00:00.004 . Memory (MB): peak = 1222.551 ; gain = 0.000
---------------------------------------------------------------------------------
Finished Constraint Validation : Time (s): cpu = 00:00:13 ; elapsed = 00:00:14 . Memory (MB): peak = 1222.551 ; gain = 0.000
---------------------------------------------------------------------------------
---------------------------------------------------------------------------------
Start Loading Part and Timing Information
---------------------------------------------------------------------------------
Loading part: xc7z010clg400-1
---------------------------------------------------------------------------------
Finished Loading Part and Timing Information : Time (s): cpu = 00:00:13 ; elapsed = 00:00:14 . Memory (MB): peak = 1222.551 ; gain = 0.000
---------------------------------------------------------------------------------
---------------------------------------------------------------------------------
Start Applying 'set_property' XDC Constraints
---------------------------------------------------------------------------------
Applied set_property KEEP_HIERARCHY = SOFT for effects/design_1_i. (constraint file  auto generated constraint).
Applied set_property KEEP_HIERARCHY = SOFT for effects/design_1_i/overdrive_0. (constraint file  auto generated constraint).
Applied set_property KEEP_HIERARCHY = SOFT for effects/design_1_i/gain_0. (constraint file  auto generated constraint).
---------------------------------------------------------------------------------
Finished applying 'set_property' XDC Constraints : Time (s): cpu = 00:00:13 ; elapsed = 00:00:14 . Memory (MB): peak = 1222.551 ; gain = 0.000
---------------------------------------------------------------------------------
---------------------------------------------------------------------------------
Finished RTL Optimization Phase 2 : Time (s): cpu = 00:00:13 ; elapsed = 00:00:14 . Memory (MB): peak = 1222.551 ; gain = 0.000
---------------------------------------------------------------------------------
---------------------------------------------------------------------------------
Start RTL Component Statistics 
---------------------------------------------------------------------------------
Detailed RTL Component Info : 
+---Registers : 
	                1 Bit    Registers := 2     
+---Muxes : 
	   2 Input    1 Bit        Muxes := 8     
---------------------------------------------------------------------------------
Finished RTL Component Statistics 
---------------------------------------------------------------------------------
---------------------------------------------------------------------------------
Start Part Resource Summary
---------------------------------------------------------------------------------
Part Resources:
DSPs: 80 (col length:40)
BRAMs: 120 (col length: RAMB18 40 RAMB36 20)
---------------------------------------------------------------------------------
Finished Part Resource Summary
---------------------------------------------------------------------------------
---------------------------------------------------------------------------------
Start Cross Boundary and Area Optimization
---------------------------------------------------------------------------------
---------------------------------------------------------------------------------
Finished Cross Boundary and Area Optimization : Time (s): cpu = 00:00:15 ; elapsed = 00:00:15 . Memory (MB): peak = 1222.551 ; gain = 0.000
---------------------------------------------------------------------------------
---------------------------------------------------------------------------------
Start Applying XDC Timing Constraints
---------------------------------------------------------------------------------
---------------------------------------------------------------------------------
Finished Applying XDC Timing Constraints : Time (s): cpu = 00:00:22 ; elapsed = 00:00:23 . Memory (MB): peak = 1222.551 ; gain = 0.000
---------------------------------------------------------------------------------
---------------------------------------------------------------------------------
Start Timing Optimization
---------------------------------------------------------------------------------
---------------------------------------------------------------------------------
Finished Timing Optimization : Time (s): cpu = 00:00:22 ; elapsed = 00:00:23 . Memory (MB): peak = 1222.551 ; gain = 0.000
---------------------------------------------------------------------------------
---------------------------------------------------------------------------------
Start Technology Mapping
---------------------------------------------------------------------------------
---------------------------------------------------------------------------------
Finished Technology Mapping : Time (s): cpu = 00:00:22 ; elapsed = 00:00:23 . Memory (MB): peak = 1222.551 ; gain = 0.000
---------------------------------------------------------------------------------
---------------------------------------------------------------------------------
Start IO Insertion
---------------------------------------------------------------------------------
---------------------------------------------------------------------------------
Start Flattening Before IO Insertion
---------------------------------------------------------------------------------
---------------------------------------------------------------------------------
Finished Flattening Before IO Insertion
---------------------------------------------------------------------------------
---------------------------------------------------------------------------------
Start Final Netlist Cleanup
---------------------------------------------------------------------------------
---------------------------------------------------------------------------------
Finished Final Netlist Cleanup
---------------------------------------------------------------------------------
WARNING: [Synth 8-5753] loadless multi-driven net left_channel_out[31] with 1st driver pin 'left_channel_out[31]' [C:/Users/yaroslav/Desktop/bachelor-project/vivado/ips/fx/fx.srcs/sources_1/new/fx.v:23]
WARNING: [Synth 8-5753] loadless multi-driven net effects/design_1_i_n_0 with 2nd driver pin 'effects/design_1_i/left_channel_out[31]' [c:/Users/yaroslav/Desktop/bachelor-project/vivado/ips/fx/fx.gen/sources_1/bd/design_1/hdl/design_1_wrapper.v:45]
WARNING: [Synth 8-5753] loadless multi-driven net left_channel_out[30] with 1st driver pin 'left_channel_out[30]' [C:/Users/yaroslav/Desktop/bachelor-project/vivado/ips/fx/fx.srcs/sources_1/new/fx.v:23]
WARNING: [Synth 8-5753] loadless multi-driven net effects/design_1_i_n_1 with 2nd driver pin 'effects/design_1_i/left_channel_out[30]' [c:/Users/yaroslav/Desktop/bachelor-project/vivado/ips/fx/fx.gen/sources_1/bd/design_1/hdl/design_1_wrapper.v:45]
WARNING: [Synth 8-5753] loadless multi-driven net left_channel_out[29] with 1st driver pin 'left_channel_out[29]' [C:/Users/yaroslav/Desktop/bachelor-project/vivado/ips/fx/fx.srcs/sources_1/new/fx.v:23]
WARNING: [Synth 8-5753] loadless multi-driven net effects/design_1_i_n_2 with 2nd driver pin 'effects/design_1_i/left_channel_out[29]' [c:/Users/yaroslav/Desktop/bachelor-project/vivado/ips/fx/fx.gen/sources_1/bd/design_1/hdl/design_1_wrapper.v:45]
WARNING: [Synth 8-5753] loadless multi-driven net left_channel_out[28] with 1st driver pin 'left_channel_out[28]' [C:/Users/yaroslav/Desktop/bachelor-project/vivado/ips/fx/fx.srcs/sources_1/new/fx.v:23]
WARNING: [Synth 8-5753] loadless multi-driven net effects/design_1_i_n_3 with 2nd driver pin 'effects/design_1_i/left_channel_out[28]' [c:/Users/yaroslav/Desktop/bachelor-project/vivado/ips/fx/fx.gen/sources_1/bd/design_1/hdl/design_1_wrapper.v:45]
WARNING: [Synth 8-5753] loadless multi-driven net left_channel_out[27] with 1st driver pin 'left_channel_out[27]' [C:/Users/yaroslav/Desktop/bachelor-project/vivado/ips/fx/fx.srcs/sources_1/new/fx.v:23]
WARNING: [Synth 8-5753] loadless multi-driven net effects/design_1_i_n_4 with 2nd driver pin 'effects/design_1_i/left_channel_out[27]' [c:/Users/yaroslav/Desktop/bachelor-project/vivado/ips/fx/fx.gen/sources_1/bd/design_1/hdl/design_1_wrapper.v:45]
WARNING: [Synth 8-5753] loadless multi-driven net left_channel_out[26] with 1st driver pin 'left_channel_out[26]' [C:/Users/yaroslav/Desktop/bachelor-project/vivado/ips/fx/fx.srcs/sources_1/new/fx.v:23]
WARNING: [Synth 8-5753] loadless multi-driven net effects/design_1_i_n_5 with 2nd driver pin 'effects/design_1_i/left_channel_out[26]' [c:/Users/yaroslav/Desktop/bachelor-project/vivado/ips/fx/fx.gen/sources_1/bd/design_1/hdl/design_1_wrapper.v:45]
WARNING: [Synth 8-5753] loadless multi-driven net left_channel_out[25] with 1st driver pin 'left_channel_out[25]' [C:/Users/yaroslav/Desktop/bachelor-project/vivado/ips/fx/fx.srcs/sources_1/new/fx.v:23]
WARNING: [Synth 8-5753] loadless multi-driven net effects/design_1_i_n_6 with 2nd driver pin 'effects/design_1_i/left_channel_out[25]' [c:/Users/yaroslav/Desktop/bachelor-project/vivado/ips/fx/fx.gen/sources_1/bd/design_1/hdl/design_1_wrapper.v:45]
WARNING: [Synth 8-5753] loadless multi-driven net left_channel_out[24] with 1st driver pin 'left_channel_out[24]' [C:/Users/yaroslav/Desktop/bachelor-project/vivado/ips/fx/fx.srcs/sources_1/new/fx.v:23]
WARNING: [Synth 8-5753] loadless multi-driven net effects/design_1_i_n_7 with 2nd driver pin 'effects/design_1_i/left_channel_out[24]' [c:/Users/yaroslav/Desktop/bachelor-project/vivado/ips/fx/fx.gen/sources_1/bd/design_1/hdl/design_1_wrapper.v:45]
WARNING: [Synth 8-5753] loadless multi-driven net left_channel_out[23] with 1st driver pin 'left_channel_out[23]' [C:/Users/yaroslav/Desktop/bachelor-project/vivado/ips/fx/fx.srcs/sources_1/new/fx.v:23]
WARNING: [Synth 8-5753] loadless multi-driven net effects/design_1_i_n_8 with 2nd driver pin 'effects/design_1_i/left_channel_out[23]' [c:/Users/yaroslav/Desktop/bachelor-project/vivado/ips/fx/fx.gen/sources_1/bd/design_1/hdl/design_1_wrapper.v:45]
WARNING: [Synth 8-5753] loadless multi-driven net left_channel_out[22] with 1st driver pin 'left_channel_out[22]' [C:/Users/yaroslav/Desktop/bachelor-project/vivado/ips/fx/fx.srcs/sources_1/new/fx.v:23]
WARNING: [Synth 8-5753] loadless multi-driven net effects/design_1_i_n_9 with 2nd driver pin 'effects/design_1_i/left_channel_out[22]' [c:/Users/yaroslav/Desktop/bachelor-project/vivado/ips/fx/fx.gen/sources_1/bd/design_1/hdl/design_1_wrapper.v:45]
WARNING: [Synth 8-5753] loadless multi-driven net left_channel_out[21] with 1st driver pin 'left_channel_out[21]' [C:/Users/yaroslav/Desktop/bachelor-project/vivado/ips/fx/fx.srcs/sources_1/new/fx.v:23]
WARNING: [Synth 8-5753] loadless multi-driven net effects/design_1_i_n_10 with 2nd driver pin 'effects/design_1_i/left_channel_out[21]' [c:/Users/yaroslav/Desktop/bachelor-project/vivado/ips/fx/fx.gen/sources_1/bd/design_1/hdl/design_1_wrapper.v:45]
WARNING: [Synth 8-5753] loadless multi-driven net left_channel_out[20] with 1st driver pin 'left_channel_out[20]' [C:/Users/yaroslav/Desktop/bachelor-project/vivado/ips/fx/fx.srcs/sources_1/new/fx.v:23]
WARNING: [Synth 8-5753] loadless multi-driven net effects/design_1_i_n_11 with 2nd driver pin 'effects/design_1_i/left_channel_out[20]' [c:/Users/yaroslav/Desktop/bachelor-project/vivado/ips/fx/fx.gen/sources_1/bd/design_1/hdl/design_1_wrapper.v:45]
WARNING: [Synth 8-5753] loadless multi-driven net left_channel_out[19] with 1st driver pin 'left_channel_out[19]' [C:/Users/yaroslav/Desktop/bachelor-project/vivado/ips/fx/fx.srcs/sources_1/new/fx.v:23]
WARNING: [Synth 8-5753] loadless multi-driven net effects/design_1_i_n_12 with 2nd driver pin 'effects/design_1_i/left_channel_out[19]' [c:/Users/yaroslav/Desktop/bachelor-project/vivado/ips/fx/fx.gen/sources_1/bd/design_1/hdl/design_1_wrapper.v:45]
WARNING: [Synth 8-5753] loadless multi-driven net left_channel_out[18] with 1st driver pin 'left_channel_out[18]' [C:/Users/yaroslav/Desktop/bachelor-project/vivado/ips/fx/fx.srcs/sources_1/new/fx.v:23]
WARNING: [Synth 8-5753] loadless multi-driven net effects/design_1_i_n_13 with 2nd driver pin 'effects/design_1_i/left_channel_out[18]' [c:/Users/yaroslav/Desktop/bachelor-project/vivado/ips/fx/fx.gen/sources_1/bd/design_1/hdl/design_1_wrapper.v:45]
WARNING: [Synth 8-5753] loadless multi-driven net left_channel_out[17] with 1st driver pin 'left_channel_out[17]' [C:/Users/yaroslav/Desktop/bachelor-project/vivado/ips/fx/fx.srcs/sources_1/new/fx.v:23]
WARNING: [Synth 8-5753] loadless multi-driven net effects/design_1_i_n_14 with 2nd driver pin 'effects/design_1_i/left_channel_out[17]' [c:/Users/yaroslav/Desktop/bachelor-project/vivado/ips/fx/fx.gen/sources_1/bd/design_1/hdl/design_1_wrapper.v:45]
WARNING: [Synth 8-5753] loadless multi-driven net left_channel_out[16] with 1st driver pin 'left_channel_out[16]' [C:/Users/yaroslav/Desktop/bachelor-project/vivado/ips/fx/fx.srcs/sources_1/new/fx.v:23]
WARNING: [Synth 8-5753] loadless multi-driven net effects/design_1_i_n_15 with 2nd driver pin 'effects/design_1_i/left_channel_out[16]' [c:/Users/yaroslav/Desktop/bachelor-project/vivado/ips/fx/fx.gen/sources_1/bd/design_1/hdl/design_1_wrapper.v:45]
WARNING: [Synth 8-5753] loadless multi-driven net left_channel_out[15] with 1st driver pin 'left_channel_out[15]' [C:/Users/yaroslav/Desktop/bachelor-project/vivado/ips/fx/fx.srcs/sources_1/new/fx.v:23]
WARNING: [Synth 8-5753] loadless multi-driven net effects/design_1_i_n_16 with 2nd driver pin 'effects/design_1_i/left_channel_out[15]' [c:/Users/yaroslav/Desktop/bachelor-project/vivado/ips/fx/fx.gen/sources_1/bd/design_1/hdl/design_1_wrapper.v:45]
WARNING: [Synth 8-5753] loadless multi-driven net left_channel_out[14] with 1st driver pin 'left_channel_out[14]' [C:/Users/yaroslav/Desktop/bachelor-project/vivado/ips/fx/fx.srcs/sources_1/new/fx.v:23]
WARNING: [Synth 8-5753] loadless multi-driven net effects/design_1_i_n_17 with 2nd driver pin 'effects/design_1_i/left_channel_out[14]' [c:/Users/yaroslav/Desktop/bachelor-project/vivado/ips/fx/fx.gen/sources_1/bd/design_1/hdl/design_1_wrapper.v:45]
WARNING: [Synth 8-5753] loadless multi-driven net left_channel_out[13] with 1st driver pin 'left_channel_out[13]' [C:/Users/yaroslav/Desktop/bachelor-project/vivado/ips/fx/fx.srcs/sources_1/new/fx.v:23]
WARNING: [Synth 8-5753] loadless multi-driven net effects/design_1_i_n_18 with 2nd driver pin 'effects/design_1_i/left_channel_out[13]' [c:/Users/yaroslav/Desktop/bachelor-project/vivado/ips/fx/fx.gen/sources_1/bd/design_1/hdl/design_1_wrapper.v:45]
WARNING: [Synth 8-5753] loadless multi-driven net left_channel_out[12] with 1st driver pin 'left_channel_out[12]' [C:/Users/yaroslav/Desktop/bachelor-project/vivado/ips/fx/fx.srcs/sources_1/new/fx.v:23]
WARNING: [Synth 8-5753] loadless multi-driven net effects/design_1_i_n_19 with 2nd driver pin 'effects/design_1_i/left_channel_out[12]' [c:/Users/yaroslav/Desktop/bachelor-project/vivado/ips/fx/fx.gen/sources_1/bd/design_1/hdl/design_1_wrapper.v:45]
WARNING: [Synth 8-5753] loadless multi-driven net left_channel_out[11] with 1st driver pin 'left_channel_out[11]' [C:/Users/yaroslav/Desktop/bachelor-project/vivado/ips/fx/fx.srcs/sources_1/new/fx.v:23]
WARNING: [Synth 8-5753] loadless multi-driven net effects/design_1_i_n_20 with 2nd driver pin 'effects/design_1_i/left_channel_out[11]' [c:/Users/yaroslav/Desktop/bachelor-project/vivado/ips/fx/fx.gen/sources_1/bd/design_1/hdl/design_1_wrapper.v:45]
WARNING: [Synth 8-5753] loadless multi-driven net left_channel_out[10] with 1st driver pin 'left_channel_out[10]' [C:/Users/yaroslav/Desktop/bachelor-project/vivado/ips/fx/fx.srcs/sources_1/new/fx.v:23]
WARNING: [Synth 8-5753] loadless multi-driven net effects/design_1_i_n_21 with 2nd driver pin 'effects/design_1_i/left_channel_out[10]' [c:/Users/yaroslav/Desktop/bachelor-project/vivado/ips/fx/fx.gen/sources_1/bd/design_1/hdl/design_1_wrapper.v:45]
WARNING: [Synth 8-5753] loadless multi-driven net left_channel_out[9] with 1st driver pin 'left_channel_out[9]' [C:/Users/yaroslav/Desktop/bachelor-project/vivado/ips/fx/fx.srcs/sources_1/new/fx.v:23]
WARNING: [Synth 8-5753] loadless multi-driven net effects/design_1_i_n_22 with 2nd driver pin 'effects/design_1_i/left_channel_out[9]' [c:/Users/yaroslav/Desktop/bachelor-project/vivado/ips/fx/fx.gen/sources_1/bd/design_1/hdl/design_1_wrapper.v:45]
WARNING: [Synth 8-5753] loadless multi-driven net left_channel_out[8] with 1st driver pin 'left_channel_out[8]' [C:/Users/yaroslav/Desktop/bachelor-project/vivado/ips/fx/fx.srcs/sources_1/new/fx.v:23]
WARNING: [Synth 8-5753] loadless multi-driven net effects/design_1_i_n_23 with 2nd driver pin 'effects/design_1_i/left_channel_out[8]' [c:/Users/yaroslav/Desktop/bachelor-project/vivado/ips/fx/fx.gen/sources_1/bd/design_1/hdl/design_1_wrapper.v:45]
WARNING: [Synth 8-5753] loadless multi-driven net left_channel_out[7] with 1st driver pin 'left_channel_out[7]' [C:/Users/yaroslav/Desktop/bachelor-project/vivado/ips/fx/fx.srcs/sources_1/new/fx.v:23]
WARNING: [Synth 8-5753] loadless multi-driven net effects/design_1_i_n_24 with 2nd driver pin 'effects/design_1_i/left_channel_out[7]' [c:/Users/yaroslav/Desktop/bachelor-project/vivado/ips/fx/fx.gen/sources_1/bd/design_1/hdl/design_1_wrapper.v:45]
WARNING: [Synth 8-5753] loadless multi-driven net left_channel_out[6] with 1st driver pin 'left_channel_out[6]' [C:/Users/yaroslav/Desktop/bachelor-project/vivado/ips/fx/fx.srcs/sources_1/new/fx.v:23]
WARNING: [Synth 8-5753] loadless multi-driven net effects/design_1_i_n_25 with 2nd driver pin 'effects/design_1_i/left_channel_out[6]' [c:/Users/yaroslav/Desktop/bachelor-project/vivado/ips/fx/fx.gen/sources_1/bd/design_1/hdl/design_1_wrapper.v:45]
WARNING: [Synth 8-5753] loadless multi-driven net left_channel_out[5] with 1st driver pin 'left_channel_out[5]' [C:/Users/yaroslav/Desktop/bachelor-project/vivado/ips/fx/fx.srcs/sources_1/new/fx.v:23]
WARNING: [Synth 8-5753] loadless multi-driven net effects/design_1_i_n_26 with 2nd driver pin 'effects/design_1_i/left_channel_out[5]' [c:/Users/yaroslav/Desktop/bachelor-project/vivado/ips/fx/fx.gen/sources_1/bd/design_1/hdl/design_1_wrapper.v:45]
WARNING: [Synth 8-5753] loadless multi-driven net left_channel_out[4] with 1st driver pin 'left_channel_out[4]' [C:/Users/yaroslav/Desktop/bachelor-project/vivado/ips/fx/fx.srcs/sources_1/new/fx.v:23]
WARNING: [Synth 8-5753] loadless multi-driven net effects/design_1_i_n_27 with 2nd driver pin 'effects/design_1_i/left_channel_out[4]' [c:/Users/yaroslav/Desktop/bachelor-project/vivado/ips/fx/fx.gen/sources_1/bd/design_1/hdl/design_1_wrapper.v:45]
WARNING: [Synth 8-5753] loadless multi-driven net left_channel_out[3] with 1st driver pin 'left_channel_out[3]' [C:/Users/yaroslav/Desktop/bachelor-project/vivado/ips/fx/fx.srcs/sources_1/new/fx.v:23]
WARNING: [Synth 8-5753] loadless multi-driven net effects/design_1_i_n_28 with 2nd driver pin 'effects/design_1_i/left_channel_out[3]' [c:/Users/yaroslav/Desktop/bachelor-project/vivado/ips/fx/fx.gen/sources_1/bd/design_1/hdl/design_1_wrapper.v:45]
WARNING: [Synth 8-5753] loadless multi-driven net left_channel_out[2] with 1st driver pin 'left_channel_out[2]' [C:/Users/yaroslav/Desktop/bachelor-project/vivado/ips/fx/fx.srcs/sources_1/new/fx.v:23]
WARNING: [Synth 8-5753] loadless multi-driven net effects/design_1_i_n_29 with 2nd driver pin 'effects/design_1_i/left_channel_out[2]' [c:/Users/yaroslav/Desktop/bachelor-project/vivado/ips/fx/fx.gen/sources_1/bd/design_1/hdl/design_1_wrapper.v:45]
WARNING: [Synth 8-5753] loadless multi-driven net left_channel_out[1] with 1st driver pin 'left_channel_out[1]' [C:/Users/yaroslav/Desktop/bachelor-project/vivado/ips/fx/fx.srcs/sources_1/new/fx.v:23]
WARNING: [Synth 8-5753] loadless multi-driven net effects/design_1_i_n_30 with 2nd driver pin 'effects/design_1_i/left_channel_out[1]' [c:/Users/yaroslav/Desktop/bachelor-project/vivado/ips/fx/fx.gen/sources_1/bd/design_1/hdl/design_1_wrapper.v:45]
WARNING: [Synth 8-5753] loadless multi-driven net left_channel_out[0] with 1st driver pin 'left_channel_out[0]' [C:/Users/yaroslav/Desktop/bachelor-project/vivado/ips/fx/fx.srcs/sources_1/new/fx.v:23]
WARNING: [Synth 8-5753] loadless multi-driven net effects/design_1_i_n_31 with 2nd driver pin 'effects/design_1_i/left_channel_out[0]' [c:/Users/yaroslav/Desktop/bachelor-project/vivado/ips/fx/fx.gen/sources_1/bd/design_1/hdl/design_1_wrapper.v:45]
WARNING: [Synth 8-5753] loadless multi-driven net right_channel_out[31] with 1st driver pin 'right_channel_out[31]' [C:/Users/yaroslav/Desktop/bachelor-project/vivado/ips/fx/fx.srcs/sources_1/new/fx.v:23]
WARNING: [Synth 8-5753] loadless multi-driven net effects/design_1_i_n_32 with 2nd driver pin 'effects/design_1_i/right_channel_out[31]' [c:/Users/yaroslav/Desktop/bachelor-project/vivado/ips/fx/fx.gen/sources_1/bd/design_1/hdl/design_1_wrapper.v:45]
WARNING: [Synth 8-5753] loadless multi-driven net right_channel_out[30] with 1st driver pin 'right_channel_out[30]' [C:/Users/yaroslav/Desktop/bachelor-project/vivado/ips/fx/fx.srcs/sources_1/new/fx.v:23]
WARNING: [Synth 8-5753] loadless multi-driven net effects/design_1_i_n_33 with 2nd driver pin 'effects/design_1_i/right_channel_out[30]' [c:/Users/yaroslav/Desktop/bachelor-project/vivado/ips/fx/fx.gen/sources_1/bd/design_1/hdl/design_1_wrapper.v:45]
WARNING: [Synth 8-5753] loadless multi-driven net right_channel_out[29] with 1st driver pin 'right_channel_out[29]' [C:/Users/yaroslav/Desktop/bachelor-project/vivado/ips/fx/fx.srcs/sources_1/new/fx.v:23]
WARNING: [Synth 8-5753] loadless multi-driven net effects/design_1_i_n_34 with 2nd driver pin 'effects/design_1_i/right_channel_out[29]' [c:/Users/yaroslav/Desktop/bachelor-project/vivado/ips/fx/fx.gen/sources_1/bd/design_1/hdl/design_1_wrapper.v:45]
WARNING: [Synth 8-5753] loadless multi-driven net right_channel_out[28] with 1st driver pin 'right_channel_out[28]' [C:/Users/yaroslav/Desktop/bachelor-project/vivado/ips/fx/fx.srcs/sources_1/new/fx.v:23]
WARNING: [Synth 8-5753] loadless multi-driven net effects/design_1_i_n_35 with 2nd driver pin 'effects/design_1_i/right_channel_out[28]' [c:/Users/yaroslav/Desktop/bachelor-project/vivado/ips/fx/fx.gen/sources_1/bd/design_1/hdl/design_1_wrapper.v:45]
WARNING: [Synth 8-5753] loadless multi-driven net right_channel_out[27] with 1st driver pin 'right_channel_out[27]' [C:/Users/yaroslav/Desktop/bachelor-project/vivado/ips/fx/fx.srcs/sources_1/new/fx.v:23]
WARNING: [Synth 8-5753] loadless multi-driven net effects/design_1_i_n_36 with 2nd driver pin 'effects/design_1_i/right_channel_out[27]' [c:/Users/yaroslav/Desktop/bachelor-project/vivado/ips/fx/fx.gen/sources_1/bd/design_1/hdl/design_1_wrapper.v:45]
WARNING: [Synth 8-5753] loadless multi-driven net right_channel_out[26] with 1st driver pin 'right_channel_out[26]' [C:/Users/yaroslav/Desktop/bachelor-project/vivado/ips/fx/fx.srcs/sources_1/new/fx.v:23]
WARNING: [Synth 8-5753] loadless multi-driven net effects/design_1_i_n_37 with 2nd driver pin 'effects/design_1_i/right_channel_out[26]' [c:/Users/yaroslav/Desktop/bachelor-project/vivado/ips/fx/fx.gen/sources_1/bd/design_1/hdl/design_1_wrapper.v:45]
WARNING: [Synth 8-5753] loadless multi-driven net right_channel_out[25] with 1st driver pin 'right_channel_out[25]' [C:/Users/yaroslav/Desktop/bachelor-project/vivado/ips/fx/fx.srcs/sources_1/new/fx.v:23]
WARNING: [Synth 8-5753] loadless multi-driven net effects/design_1_i_n_38 with 2nd driver pin 'effects/design_1_i/right_channel_out[25]' [c:/Users/yaroslav/Desktop/bachelor-project/vivado/ips/fx/fx.gen/sources_1/bd/design_1/hdl/design_1_wrapper.v:45]
WARNING: [Synth 8-5753] loadless multi-driven net right_channel_out[24] with 1st driver pin 'right_channel_out[24]' [C:/Users/yaroslav/Desktop/bachelor-project/vivado/ips/fx/fx.srcs/sources_1/new/fx.v:23]
WARNING: [Synth 8-5753] loadless multi-driven net effects/design_1_i_n_39 with 2nd driver pin 'effects/design_1_i/right_channel_out[24]' [c:/Users/yaroslav/Desktop/bachelor-project/vivado/ips/fx/fx.gen/sources_1/bd/design_1/hdl/design_1_wrapper.v:45]
WARNING: [Synth 8-5753] loadless multi-driven net right_channel_out[23] with 1st driver pin 'right_channel_out[23]' [C:/Users/yaroslav/Desktop/bachelor-project/vivado/ips/fx/fx.srcs/sources_1/new/fx.v:23]
WARNING: [Synth 8-5753] loadless multi-driven net effects/design_1_i_n_40 with 2nd driver pin 'effects/design_1_i/right_channel_out[23]' [c:/Users/yaroslav/Desktop/bachelor-project/vivado/ips/fx/fx.gen/sources_1/bd/design_1/hdl/design_1_wrapper.v:45]
WARNING: [Synth 8-5753] loadless multi-driven net right_channel_out[22] with 1st driver pin 'right_channel_out[22]' [C:/Users/yaroslav/Desktop/bachelor-project/vivado/ips/fx/fx.srcs/sources_1/new/fx.v:23]
WARNING: [Synth 8-5753] loadless multi-driven net effects/design_1_i_n_41 with 2nd driver pin 'effects/design_1_i/right_channel_out[22]' [c:/Users/yaroslav/Desktop/bachelor-project/vivado/ips/fx/fx.gen/sources_1/bd/design_1/hdl/design_1_wrapper.v:45]
WARNING: [Synth 8-5753] loadless multi-driven net right_channel_out[21] with 1st driver pin 'right_channel_out[21]' [C:/Users/yaroslav/Desktop/bachelor-project/vivado/ips/fx/fx.srcs/sources_1/new/fx.v:23]
WARNING: [Synth 8-5753] loadless multi-driven net effects/design_1_i_n_42 with 2nd driver pin 'effects/design_1_i/right_channel_out[21]' [c:/Users/yaroslav/Desktop/bachelor-project/vivado/ips/fx/fx.gen/sources_1/bd/design_1/hdl/design_1_wrapper.v:45]
WARNING: [Synth 8-5753] loadless multi-driven net right_channel_out[20] with 1st driver pin 'right_channel_out[20]' [C:/Users/yaroslav/Desktop/bachelor-project/vivado/ips/fx/fx.srcs/sources_1/new/fx.v:23]
WARNING: [Synth 8-5753] loadless multi-driven net effects/design_1_i_n_43 with 2nd driver pin 'effects/design_1_i/right_channel_out[20]' [c:/Users/yaroslav/Desktop/bachelor-project/vivado/ips/fx/fx.gen/sources_1/bd/design_1/hdl/design_1_wrapper.v:45]
WARNING: [Synth 8-5753] loadless multi-driven net right_channel_out[19] with 1st driver pin 'right_channel_out[19]' [C:/Users/yaroslav/Desktop/bachelor-project/vivado/ips/fx/fx.srcs/sources_1/new/fx.v:23]
WARNING: [Synth 8-5753] loadless multi-driven net effects/design_1_i_n_44 with 2nd driver pin 'effects/design_1_i/right_channel_out[19]' [c:/Users/yaroslav/Desktop/bachelor-project/vivado/ips/fx/fx.gen/sources_1/bd/design_1/hdl/design_1_wrapper.v:45]
WARNING: [Synth 8-5753] loadless multi-driven net right_channel_out[18] with 1st driver pin 'right_channel_out[18]' [C:/Users/yaroslav/Desktop/bachelor-project/vivado/ips/fx/fx.srcs/sources_1/new/fx.v:23]
WARNING: [Synth 8-5753] loadless multi-driven net effects/design_1_i_n_45 with 2nd driver pin 'effects/design_1_i/right_channel_out[18]' [c:/Users/yaroslav/Desktop/bachelor-project/vivado/ips/fx/fx.gen/sources_1/bd/design_1/hdl/design_1_wrapper.v:45]
WARNING: [Synth 8-5753] loadless multi-driven net right_channel_out[17] with 1st driver pin 'right_channel_out[17]' [C:/Users/yaroslav/Desktop/bachelor-project/vivado/ips/fx/fx.srcs/sources_1/new/fx.v:23]
WARNING: [Synth 8-5753] loadless multi-driven net effects/design_1_i_n_46 with 2nd driver pin 'effects/design_1_i/right_channel_out[17]' [c:/Users/yaroslav/Desktop/bachelor-project/vivado/ips/fx/fx.gen/sources_1/bd/design_1/hdl/design_1_wrapper.v:45]
WARNING: [Synth 8-5753] loadless multi-driven net right_channel_out[16] with 1st driver pin 'right_channel_out[16]' [C:/Users/yaroslav/Desktop/bachelor-project/vivado/ips/fx/fx.srcs/sources_1/new/fx.v:23]
WARNING: [Synth 8-5753] loadless multi-driven net effects/design_1_i_n_47 with 2nd driver pin 'effects/design_1_i/right_channel_out[16]' [c:/Users/yaroslav/Desktop/bachelor-project/vivado/ips/fx/fx.gen/sources_1/bd/design_1/hdl/design_1_wrapper.v:45]
WARNING: [Synth 8-5753] loadless multi-driven net right_channel_out[15] with 1st driver pin 'right_channel_out[15]' [C:/Users/yaroslav/Desktop/bachelor-project/vivado/ips/fx/fx.srcs/sources_1/new/fx.v:23]
WARNING: [Synth 8-5753] loadless multi-driven net effects/design_1_i_n_48 with 2nd driver pin 'effects/design_1_i/right_channel_out[15]' [c:/Users/yaroslav/Desktop/bachelor-project/vivado/ips/fx/fx.gen/sources_1/bd/design_1/hdl/design_1_wrapper.v:45]
WARNING: [Synth 8-5753] loadless multi-driven net right_channel_out[14] with 1st driver pin 'right_channel_out[14]' [C:/Users/yaroslav/Desktop/bachelor-project/vivado/ips/fx/fx.srcs/sources_1/new/fx.v:23]
WARNING: [Synth 8-5753] loadless multi-driven net effects/design_1_i_n_49 with 2nd driver pin 'effects/design_1_i/right_channel_out[14]' [c:/Users/yaroslav/Desktop/bachelor-project/vivado/ips/fx/fx.gen/sources_1/bd/design_1/hdl/design_1_wrapper.v:45]
INFO: [Common 17-14] Message 'Synth 8-5753' appears 100 times and further instances of the messages will be disabled. Use the Tcl command set_msg_config to change the current settings.
---------------------------------------------------------------------------------
Finished IO Insertion : Time (s): cpu = 00:00:26 ; elapsed = 00:00:27 . Memory (MB): peak = 1222.551 ; gain = 0.000
---------------------------------------------------------------------------------
---------------------------------------------------------------------------------
Start Renaming Generated Instances
---------------------------------------------------------------------------------
---------------------------------------------------------------------------------
Finished Renaming Generated Instances : Time (s): cpu = 00:00:26 ; elapsed = 00:00:27 . Memory (MB): peak = 1222.551 ; gain = 0.000
---------------------------------------------------------------------------------
---------------------------------------------------------------------------------
Start Rebuilding User Hierarchy
---------------------------------------------------------------------------------
---------------------------------------------------------------------------------
Finished Rebuilding User Hierarchy : Time (s): cpu = 00:00:26 ; elapsed = 00:00:27 . Memory (MB): peak = 1222.551 ; gain = 0.000
---------------------------------------------------------------------------------
---------------------------------------------------------------------------------
Start Renaming Generated Ports
---------------------------------------------------------------------------------
---------------------------------------------------------------------------------
Finished Renaming Generated Ports : Time (s): cpu = 00:00:26 ; elapsed = 00:00:27 . Memory (MB): peak = 1222.551 ; gain = 0.000
---------------------------------------------------------------------------------
---------------------------------------------------------------------------------
Start Handling Custom Attributes
---------------------------------------------------------------------------------
---------------------------------------------------------------------------------
Finished Handling Custom Attributes : Time (s): cpu = 00:00:26 ; elapsed = 00:00:27 . Memory (MB): peak = 1222.551 ; gain = 0.000
---------------------------------------------------------------------------------
---------------------------------------------------------------------------------
Start Renaming Generated Nets
---------------------------------------------------------------------------------
---------------------------------------------------------------------------------
Finished Renaming Generated Nets : Time (s): cpu = 00:00:26 ; elapsed = 00:00:27 . Memory (MB): peak = 1222.551 ; gain = 0.000
---------------------------------------------------------------------------------
---------------------------------------------------------------------------------
Start Writing Synthesis Report
---------------------------------------------------------------------------------

Report BlackBoxes: 
+------+-----------------------+----------+
|      |BlackBox name          |Instances |
+------+-----------------------+----------+
|1     |design_1_gain_0_0      |         1|
|2     |design_1_overdrive_0_0 |         1|
+------+-----------------------+----------+

Report Cell Usage: 
+------+---------------------+------+
|      |Cell                 |Count |
+------+---------------------+------+
|1     |design_1_gain_0      |     1|
|2     |design_1_overdrive_0 |     1|
|3     |BUFG                 |     1|
|4     |LUT5                 |     2|
|5     |FDRE                 |     2|
|6     |IBUF                 |    40|
+------+---------------------+------+
---------------------------------------------------------------------------------
Finished Writing Synthesis Report : Time (s): cpu = 00:00:26 ; elapsed = 00:00:27 . Memory (MB): peak = 1222.551 ; gain = 0.000
---------------------------------------------------------------------------------
Synthesis finished with 0 errors, 0 critical warnings and 128 warnings.
Synthesis Optimization Runtime : Time (s): cpu = 00:00:18 ; elapsed = 00:00:25 . Memory (MB): peak = 1222.551 ; gain = 0.000
Synthesis Optimization Complete : Time (s): cpu = 00:00:26 ; elapsed = 00:00:27 . Memory (MB): peak = 1222.551 ; gain = 0.000
INFO: [Project 1-571] Translating synthesized netlist
Netlist sorting complete. Time (s): cpu = 00:00:00 ; elapsed = 00:00:00.008 . Memory (MB): peak = 1222.551 ; gain = 0.000
INFO: [Project 1-570] Preparing netlist for logic optimization
INFO: [Opt 31-138] Pushed 0 inverter(s) to 0 load pin(s).
Netlist sorting complete. Time (s): cpu = 00:00:00 ; elapsed = 00:00:00 . Memory (MB): peak = 1224.691 ; gain = 0.000
INFO: [Project 1-111] Unisim Transformation Summary:
No Unisim elements were transformed.

Synth Design complete, checksum: 28b3c330
INFO: [Common 17-83] Releasing license: Synthesis
27 Infos, 103 Warnings, 100 Critical Warnings and 0 Errors encountered.
synth_design completed successfully
synth_design: Time (s): cpu = 00:00:31 ; elapsed = 00:00:32 . Memory (MB): peak = 1224.691 ; gain = 2.141
INFO: [runtcl-6] Synthesis results are not added to the cache due to CRITICAL_WARNING
INFO: [Common 17-1381] The checkpoint 'C:/Users/yaroslav/Desktop/bachelor-project/vivado/ips/fx/fx.runs/synth_1/fx.dcp' has been generated.
INFO: [runtcl-4] Executing : report_utilization -file fx_utilization_synth.rpt -pb fx_utilization_synth.pb
INFO: [Common 17-206] Exiting Vivado at Tue May 16 20:38:32 2023...
