
*** Running vivado
    with args -log design_1_i2s_transceiver_0_0.vds -m64 -product Vivado -mode batch -messageDb vivado.pb -notrace -source design_1_i2s_transceiver_0_0.tcl



****** Vivado v2021.1 (64-bit)
  **** SW Build 3247384 on Thu Jun 10 19:36:33 MDT 2021
  **** IP Build 3246043 on Fri Jun 11 00:30:35 MDT 2021
    ** Copyright 1986-2021 Xilinx, Inc. All Rights Reserved.

source design_1_i2s_transceiver_0_0.tcl -notrace
INFO: [IP_Flow 19-234] Refreshing IP repositories
INFO: [IP_Flow 19-1700] Loaded user IP repository 'c:/Users/yaroslav/Desktop/bachelor-project/vivado/ips'.
INFO: [IP_Flow 19-2313] Loaded Vivado IP repository 'D:/Xilinx/Vivado/2021.1/data/ip'.
WARNING: [IP_Flow 19-4995] The host OS only allows 260 characters in a normal path. The IP cache path is more than 80 characters. If you experience issues with IP caching, please consider changing the IP cache to a location with a shorter path. Alternately consider using the OS subst command to map part of the path to a drive letter. 
Current IP cache path is c:/Users/yaroslav/Desktop/bachelor-project/vivado/tb/i2s_transceiver_tb/i2s_transceiver_tb.cache/ip 
Command: synth_design -top design_1_i2s_transceiver_0_0 -part xc7z010clg400-1 -mode out_of_context
Starting synth_design
Attempting to get a license for feature 'Synthesis' and/or device 'xc7z010'
INFO: [Common 17-349] Got license for feature 'Synthesis' and/or device 'xc7z010'
INFO: [Synth 8-7079] Multithreading enabled for synth_design using a maximum of 2 processes.
INFO: [Synth 8-7078] Launching helper process for spawning children vivado processes
INFO: [Synth 8-7075] Helper process launched with PID 19696
---------------------------------------------------------------------------------
Starting Synthesize : Time (s): cpu = 00:00:04 ; elapsed = 00:00:05 . Memory (MB): peak = 1228.016 ; gain = 0.000
---------------------------------------------------------------------------------
INFO: [Synth 8-6157] synthesizing module 'design_1_i2s_transceiver_0_0' [c:/Users/yaroslav/Desktop/bachelor-project/vivado/tb/i2s_transceiver_tb/i2s_transceiver_tb.gen/sources_1/bd/design_1/ip/design_1_i2s_transceiver_0_0/synth/design_1_i2s_transceiver_0_0.v:58]
INFO: [Synth 8-6157] synthesizing module 'i2s_transceiver' [c:/Users/yaroslav/Desktop/bachelor-project/vivado/tb/i2s_transceiver_tb/i2s_transceiver_tb.gen/sources_1/bd/design_1/ipshared/898a/i2s_transceiver.v:23]
INFO: [Synth 8-6155] done synthesizing module 'i2s_transceiver' (1#1) [c:/Users/yaroslav/Desktop/bachelor-project/vivado/tb/i2s_transceiver_tb/i2s_transceiver_tb.gen/sources_1/bd/design_1/ipshared/898a/i2s_transceiver.v:23]
INFO: [Synth 8-6155] done synthesizing module 'design_1_i2s_transceiver_0_0' (2#1) [c:/Users/yaroslav/Desktop/bachelor-project/vivado/tb/i2s_transceiver_tb/i2s_transceiver_tb.gen/sources_1/bd/design_1/ip/design_1_i2s_transceiver_0_0/synth/design_1_i2s_transceiver_0_0.v:58]
---------------------------------------------------------------------------------
Finished Synthesize : Time (s): cpu = 00:00:05 ; elapsed = 00:00:06 . Memory (MB): peak = 1228.016 ; gain = 0.000
---------------------------------------------------------------------------------
---------------------------------------------------------------------------------
Finished Constraint Validation : Time (s): cpu = 00:00:06 ; elapsed = 00:00:07 . Memory (MB): peak = 1228.016 ; gain = 0.000
---------------------------------------------------------------------------------
---------------------------------------------------------------------------------
Start Loading Part and Timing Information
---------------------------------------------------------------------------------
Loading part: xc7z010clg400-1
---------------------------------------------------------------------------------
Finished Loading Part and Timing Information : Time (s): cpu = 00:00:06 ; elapsed = 00:00:07 . Memory (MB): peak = 1228.016 ; gain = 0.000
---------------------------------------------------------------------------------
INFO: [Device 21-403] Loading part xc7z010clg400-1
---------------------------------------------------------------------------------
Finished RTL Optimization Phase 2 : Time (s): cpu = 00:00:06 ; elapsed = 00:00:07 . Memory (MB): peak = 1228.016 ; gain = 0.000
---------------------------------------------------------------------------------
No constraint files found.
---------------------------------------------------------------------------------
Start RTL Component Statistics 
---------------------------------------------------------------------------------
Detailed RTL Component Info : 
+---Registers : 
	                1 Bit    Registers := 1     
+---Muxes : 
	   2 Input    1 Bit        Muxes := 2     
---------------------------------------------------------------------------------
Finished RTL Component Statistics 
---------------------------------------------------------------------------------
---------------------------------------------------------------------------------
Start Part Resource Summary
---------------------------------------------------------------------------------
Part Resources:
DSPs: 80 (col length:40)
BRAMs: 120 (col length: RAMB18 40 RAMB36 20)
---------------------------------------------------------------------------------
Finished Part Resource Summary
---------------------------------------------------------------------------------
No constraint files found.
---------------------------------------------------------------------------------
Start Cross Boundary and Area Optimization
---------------------------------------------------------------------------------
CRITICAL WARNING: [Synth 8-6859] multi-driven net on pin Q with 1st driver pin 'inst/sdata_reg__0/Q' [c:/Users/yaroslav/Desktop/bachelor-project/vivado/tb/i2s_transceiver_tb/i2s_transceiver_tb.gen/sources_1/bd/design_1/ipshared/898a/i2s_transceiver.v:44]
CRITICAL WARNING: [Synth 8-6859] multi-driven net on pin Q with 2nd driver pin 'GND' [c:/Users/yaroslav/Desktop/bachelor-project/vivado/tb/i2s_transceiver_tb/i2s_transceiver_tb.gen/sources_1/bd/design_1/ipshared/898a/i2s_transceiver.v:44]
CRITICAL WARNING: [Synth 8-6858] multi-driven net Q is connected to at least one constant driver which has been preserved, other driver is ignored [c:/Users/yaroslav/Desktop/bachelor-project/vivado/tb/i2s_transceiver_tb/i2s_transceiver_tb.gen/sources_1/bd/design_1/ipshared/898a/i2s_transceiver.v:44]
CRITICAL WARNING: [Synth 8-6859] multi-driven net on pin Q with 1st driver pin 'inst/left_reg[31]__0/Q' [c:/Users/yaroslav/Desktop/bachelor-project/vivado/tb/i2s_transceiver_tb/i2s_transceiver_tb.gen/sources_1/bd/design_1/ipshared/898a/i2s_transceiver.v:45]
CRITICAL WARNING: [Synth 8-6859] multi-driven net on pin Q with 2nd driver pin 'GND' [c:/Users/yaroslav/Desktop/bachelor-project/vivado/tb/i2s_transceiver_tb/i2s_transceiver_tb.gen/sources_1/bd/design_1/ipshared/898a/i2s_transceiver.v:45]
CRITICAL WARNING: [Synth 8-6858] multi-driven net Q is connected to at least one constant driver which has been preserved, other driver is ignored [c:/Users/yaroslav/Desktop/bachelor-project/vivado/tb/i2s_transceiver_tb/i2s_transceiver_tb.gen/sources_1/bd/design_1/ipshared/898a/i2s_transceiver.v:45]
CRITICAL WARNING: [Synth 8-6859] multi-driven net on pin Q with 1st driver pin 'inst/left_reg[30]__0/Q' [c:/Users/yaroslav/Desktop/bachelor-project/vivado/tb/i2s_transceiver_tb/i2s_transceiver_tb.gen/sources_1/bd/design_1/ipshared/898a/i2s_transceiver.v:45]
CRITICAL WARNING: [Synth 8-6859] multi-driven net on pin Q with 2nd driver pin 'GND' [c:/Users/yaroslav/Desktop/bachelor-project/vivado/tb/i2s_transceiver_tb/i2s_transceiver_tb.gen/sources_1/bd/design_1/ipshared/898a/i2s_transceiver.v:45]
CRITICAL WARNING: [Synth 8-6858] multi-driven net Q is connected to at least one constant driver which has been preserved, other driver is ignored [c:/Users/yaroslav/Desktop/bachelor-project/vivado/tb/i2s_transceiver_tb/i2s_transceiver_tb.gen/sources_1/bd/design_1/ipshared/898a/i2s_transceiver.v:45]
CRITICAL WARNING: [Synth 8-6859] multi-driven net on pin Q with 1st driver pin 'inst/left_reg[29]__0/Q' [c:/Users/yaroslav/Desktop/bachelor-project/vivado/tb/i2s_transceiver_tb/i2s_transceiver_tb.gen/sources_1/bd/design_1/ipshared/898a/i2s_transceiver.v:45]
CRITICAL WARNING: [Synth 8-6859] multi-driven net on pin Q with 2nd driver pin 'GND' [c:/Users/yaroslav/Desktop/bachelor-project/vivado/tb/i2s_transceiver_tb/i2s_transceiver_tb.gen/sources_1/bd/design_1/ipshared/898a/i2s_transceiver.v:45]
CRITICAL WARNING: [Synth 8-6858] multi-driven net Q is connected to at least one constant driver which has been preserved, other driver is ignored [c:/Users/yaroslav/Desktop/bachelor-project/vivado/tb/i2s_transceiver_tb/i2s_transceiver_tb.gen/sources_1/bd/design_1/ipshared/898a/i2s_transceiver.v:45]
CRITICAL WARNING: [Synth 8-6859] multi-driven net on pin Q with 1st driver pin 'inst/left_reg[28]__0/Q' [c:/Users/yaroslav/Desktop/bachelor-project/vivado/tb/i2s_transceiver_tb/i2s_transceiver_tb.gen/sources_1/bd/design_1/ipshared/898a/i2s_transceiver.v:45]
CRITICAL WARNING: [Synth 8-6859] multi-driven net on pin Q with 2nd driver pin 'GND' [c:/Users/yaroslav/Desktop/bachelor-project/vivado/tb/i2s_transceiver_tb/i2s_transceiver_tb.gen/sources_1/bd/design_1/ipshared/898a/i2s_transceiver.v:45]
CRITICAL WARNING: [Synth 8-6858] multi-driven net Q is connected to at least one constant driver which has been preserved, other driver is ignored [c:/Users/yaroslav/Desktop/bachelor-project/vivado/tb/i2s_transceiver_tb/i2s_transceiver_tb.gen/sources_1/bd/design_1/ipshared/898a/i2s_transceiver.v:45]
CRITICAL WARNING: [Synth 8-6859] multi-driven net on pin Q with 1st driver pin 'inst/left_reg[27]__0/Q' [c:/Users/yaroslav/Desktop/bachelor-project/vivado/tb/i2s_transceiver_tb/i2s_transceiver_tb.gen/sources_1/bd/design_1/ipshared/898a/i2s_transceiver.v:45]
CRITICAL WARNING: [Synth 8-6859] multi-driven net on pin Q with 2nd driver pin 'GND' [c:/Users/yaroslav/Desktop/bachelor-project/vivado/tb/i2s_transceiver_tb/i2s_transceiver_tb.gen/sources_1/bd/design_1/ipshared/898a/i2s_transceiver.v:45]
CRITICAL WARNING: [Synth 8-6858] multi-driven net Q is connected to at least one constant driver which has been preserved, other driver is ignored [c:/Users/yaroslav/Desktop/bachelor-project/vivado/tb/i2s_transceiver_tb/i2s_transceiver_tb.gen/sources_1/bd/design_1/ipshared/898a/i2s_transceiver.v:45]
CRITICAL WARNING: [Synth 8-6859] multi-driven net on pin Q with 1st driver pin 'inst/left_reg[26]__0/Q' [c:/Users/yaroslav/Desktop/bachelor-project/vivado/tb/i2s_transceiver_tb/i2s_transceiver_tb.gen/sources_1/bd/design_1/ipshared/898a/i2s_transceiver.v:45]
CRITICAL WARNING: [Synth 8-6859] multi-driven net on pin Q with 2nd driver pin 'GND' [c:/Users/yaroslav/Desktop/bachelor-project/vivado/tb/i2s_transceiver_tb/i2s_transceiver_tb.gen/sources_1/bd/design_1/ipshared/898a/i2s_transceiver.v:45]
CRITICAL WARNING: [Synth 8-6858] multi-driven net Q is connected to at least one constant driver which has been preserved, other driver is ignored [c:/Users/yaroslav/Desktop/bachelor-project/vivado/tb/i2s_transceiver_tb/i2s_transceiver_tb.gen/sources_1/bd/design_1/ipshared/898a/i2s_transceiver.v:45]
CRITICAL WARNING: [Synth 8-6859] multi-driven net on pin Q with 1st driver pin 'inst/left_reg[25]__0/Q' [c:/Users/yaroslav/Desktop/bachelor-project/vivado/tb/i2s_transceiver_tb/i2s_transceiver_tb.gen/sources_1/bd/design_1/ipshared/898a/i2s_transceiver.v:45]
CRITICAL WARNING: [Synth 8-6859] multi-driven net on pin Q with 2nd driver pin 'GND' [c:/Users/yaroslav/Desktop/bachelor-project/vivado/tb/i2s_transceiver_tb/i2s_transceiver_tb.gen/sources_1/bd/design_1/ipshared/898a/i2s_transceiver.v:45]
CRITICAL WARNING: [Synth 8-6858] multi-driven net Q is connected to at least one constant driver which has been preserved, other driver is ignored [c:/Users/yaroslav/Desktop/bachelor-project/vivado/tb/i2s_transceiver_tb/i2s_transceiver_tb.gen/sources_1/bd/design_1/ipshared/898a/i2s_transceiver.v:45]
CRITICAL WARNING: [Synth 8-6859] multi-driven net on pin Q with 1st driver pin 'inst/left_reg[24]__0/Q' [c:/Users/yaroslav/Desktop/bachelor-project/vivado/tb/i2s_transceiver_tb/i2s_transceiver_tb.gen/sources_1/bd/design_1/ipshared/898a/i2s_transceiver.v:45]
CRITICAL WARNING: [Synth 8-6859] multi-driven net on pin Q with 2nd driver pin 'GND' [c:/Users/yaroslav/Desktop/bachelor-project/vivado/tb/i2s_transceiver_tb/i2s_transceiver_tb.gen/sources_1/bd/design_1/ipshared/898a/i2s_transceiver.v:45]
CRITICAL WARNING: [Synth 8-6858] multi-driven net Q is connected to at least one constant driver which has been preserved, other driver is ignored [c:/Users/yaroslav/Desktop/bachelor-project/vivado/tb/i2s_transceiver_tb/i2s_transceiver_tb.gen/sources_1/bd/design_1/ipshared/898a/i2s_transceiver.v:45]
CRITICAL WARNING: [Synth 8-6859] multi-driven net on pin Q with 1st driver pin 'inst/left_reg[23]__0/Q' [c:/Users/yaroslav/Desktop/bachelor-project/vivado/tb/i2s_transceiver_tb/i2s_transceiver_tb.gen/sources_1/bd/design_1/ipshared/898a/i2s_transceiver.v:45]
CRITICAL WARNING: [Synth 8-6859] multi-driven net on pin Q with 2nd driver pin 'GND' [c:/Users/yaroslav/Desktop/bachelor-project/vivado/tb/i2s_transceiver_tb/i2s_transceiver_tb.gen/sources_1/bd/design_1/ipshared/898a/i2s_transceiver.v:45]
CRITICAL WARNING: [Synth 8-6858] multi-driven net Q is connected to at least one constant driver which has been preserved, other driver is ignored [c:/Users/yaroslav/Desktop/bachelor-project/vivado/tb/i2s_transceiver_tb/i2s_transceiver_tb.gen/sources_1/bd/design_1/ipshared/898a/i2s_transceiver.v:45]
CRITICAL WARNING: [Synth 8-6859] multi-driven net on pin Q with 1st driver pin 'inst/left_reg[22]__0/Q' [c:/Users/yaroslav/Desktop/bachelor-project/vivado/tb/i2s_transceiver_tb/i2s_transceiver_tb.gen/sources_1/bd/design_1/ipshared/898a/i2s_transceiver.v:45]
CRITICAL WARNING: [Synth 8-6859] multi-driven net on pin Q with 2nd driver pin 'GND' [c:/Users/yaroslav/Desktop/bachelor-project/vivado/tb/i2s_transceiver_tb/i2s_transceiver_tb.gen/sources_1/bd/design_1/ipshared/898a/i2s_transceiver.v:45]
CRITICAL WARNING: [Synth 8-6858] multi-driven net Q is connected to at least one constant driver which has been preserved, other driver is ignored [c:/Users/yaroslav/Desktop/bachelor-project/vivado/tb/i2s_transceiver_tb/i2s_transceiver_tb.gen/sources_1/bd/design_1/ipshared/898a/i2s_transceiver.v:45]
CRITICAL WARNING: [Synth 8-6859] multi-driven net on pin Q with 1st driver pin 'inst/left_reg[21]__0/Q' [c:/Users/yaroslav/Desktop/bachelor-project/vivado/tb/i2s_transceiver_tb/i2s_transceiver_tb.gen/sources_1/bd/design_1/ipshared/898a/i2s_transceiver.v:45]
CRITICAL WARNING: [Synth 8-6859] multi-driven net on pin Q with 2nd driver pin 'GND' [c:/Users/yaroslav/Desktop/bachelor-project/vivado/tb/i2s_transceiver_tb/i2s_transceiver_tb.gen/sources_1/bd/design_1/ipshared/898a/i2s_transceiver.v:45]
CRITICAL WARNING: [Synth 8-6858] multi-driven net Q is connected to at least one constant driver which has been preserved, other driver is ignored [c:/Users/yaroslav/Desktop/bachelor-project/vivado/tb/i2s_transceiver_tb/i2s_transceiver_tb.gen/sources_1/bd/design_1/ipshared/898a/i2s_transceiver.v:45]
CRITICAL WARNING: [Synth 8-6859] multi-driven net on pin Q with 1st driver pin 'inst/left_reg[20]__0/Q' [c:/Users/yaroslav/Desktop/bachelor-project/vivado/tb/i2s_transceiver_tb/i2s_transceiver_tb.gen/sources_1/bd/design_1/ipshared/898a/i2s_transceiver.v:45]
CRITICAL WARNING: [Synth 8-6859] multi-driven net on pin Q with 2nd driver pin 'GND' [c:/Users/yaroslav/Desktop/bachelor-project/vivado/tb/i2s_transceiver_tb/i2s_transceiver_tb.gen/sources_1/bd/design_1/ipshared/898a/i2s_transceiver.v:45]
CRITICAL WARNING: [Synth 8-6858] multi-driven net Q is connected to at least one constant driver which has been preserved, other driver is ignored [c:/Users/yaroslav/Desktop/bachelor-project/vivado/tb/i2s_transceiver_tb/i2s_transceiver_tb.gen/sources_1/bd/design_1/ipshared/898a/i2s_transceiver.v:45]
CRITICAL WARNING: [Synth 8-6859] multi-driven net on pin Q with 1st driver pin 'inst/left_reg[19]__0/Q' [c:/Users/yaroslav/Desktop/bachelor-project/vivado/tb/i2s_transceiver_tb/i2s_transceiver_tb.gen/sources_1/bd/design_1/ipshared/898a/i2s_transceiver.v:45]
CRITICAL WARNING: [Synth 8-6859] multi-driven net on pin Q with 2nd driver pin 'GND' [c:/Users/yaroslav/Desktop/bachelor-project/vivado/tb/i2s_transceiver_tb/i2s_transceiver_tb.gen/sources_1/bd/design_1/ipshared/898a/i2s_transceiver.v:45]
CRITICAL WARNING: [Synth 8-6858] multi-driven net Q is connected to at least one constant driver which has been preserved, other driver is ignored [c:/Users/yaroslav/Desktop/bachelor-project/vivado/tb/i2s_transceiver_tb/i2s_transceiver_tb.gen/sources_1/bd/design_1/ipshared/898a/i2s_transceiver.v:45]
CRITICAL WARNING: [Synth 8-6859] multi-driven net on pin Q with 1st driver pin 'inst/left_reg[18]__0/Q' [c:/Users/yaroslav/Desktop/bachelor-project/vivado/tb/i2s_transceiver_tb/i2s_transceiver_tb.gen/sources_1/bd/design_1/ipshared/898a/i2s_transceiver.v:45]
CRITICAL WARNING: [Synth 8-6859] multi-driven net on pin Q with 2nd driver pin 'GND' [c:/Users/yaroslav/Desktop/bachelor-project/vivado/tb/i2s_transceiver_tb/i2s_transceiver_tb.gen/sources_1/bd/design_1/ipshared/898a/i2s_transceiver.v:45]
CRITICAL WARNING: [Synth 8-6858] multi-driven net Q is connected to at least one constant driver which has been preserved, other driver is ignored [c:/Users/yaroslav/Desktop/bachelor-project/vivado/tb/i2s_transceiver_tb/i2s_transceiver_tb.gen/sources_1/bd/design_1/ipshared/898a/i2s_transceiver.v:45]
CRITICAL WARNING: [Synth 8-6859] multi-driven net on pin Q with 1st driver pin 'inst/left_reg[17]__0/Q' [c:/Users/yaroslav/Desktop/bachelor-project/vivado/tb/i2s_transceiver_tb/i2s_transceiver_tb.gen/sources_1/bd/design_1/ipshared/898a/i2s_transceiver.v:45]
CRITICAL WARNING: [Synth 8-6859] multi-driven net on pin Q with 2nd driver pin 'GND' [c:/Users/yaroslav/Desktop/bachelor-project/vivado/tb/i2s_transceiver_tb/i2s_transceiver_tb.gen/sources_1/bd/design_1/ipshared/898a/i2s_transceiver.v:45]
CRITICAL WARNING: [Synth 8-6858] multi-driven net Q is connected to at least one constant driver which has been preserved, other driver is ignored [c:/Users/yaroslav/Desktop/bachelor-project/vivado/tb/i2s_transceiver_tb/i2s_transceiver_tb.gen/sources_1/bd/design_1/ipshared/898a/i2s_transceiver.v:45]
CRITICAL WARNING: [Synth 8-6859] multi-driven net on pin Q with 1st driver pin 'inst/left_reg[16]__0/Q' [c:/Users/yaroslav/Desktop/bachelor-project/vivado/tb/i2s_transceiver_tb/i2s_transceiver_tb.gen/sources_1/bd/design_1/ipshared/898a/i2s_transceiver.v:45]
CRITICAL WARNING: [Synth 8-6859] multi-driven net on pin Q with 2nd driver pin 'GND' [c:/Users/yaroslav/Desktop/bachelor-project/vivado/tb/i2s_transceiver_tb/i2s_transceiver_tb.gen/sources_1/bd/design_1/ipshared/898a/i2s_transceiver.v:45]
CRITICAL WARNING: [Synth 8-6858] multi-driven net Q is connected to at least one constant driver which has been preserved, other driver is ignored [c:/Users/yaroslav/Desktop/bachelor-project/vivado/tb/i2s_transceiver_tb/i2s_transceiver_tb.gen/sources_1/bd/design_1/ipshared/898a/i2s_transceiver.v:45]
CRITICAL WARNING: [Synth 8-6859] multi-driven net on pin Q with 1st driver pin 'inst/left_reg[15]__0/Q' [c:/Users/yaroslav/Desktop/bachelor-project/vivado/tb/i2s_transceiver_tb/i2s_transceiver_tb.gen/sources_1/bd/design_1/ipshared/898a/i2s_transceiver.v:45]
CRITICAL WARNING: [Synth 8-6859] multi-driven net on pin Q with 2nd driver pin 'GND' [c:/Users/yaroslav/Desktop/bachelor-project/vivado/tb/i2s_transceiver_tb/i2s_transceiver_tb.gen/sources_1/bd/design_1/ipshared/898a/i2s_transceiver.v:45]
CRITICAL WARNING: [Synth 8-6858] multi-driven net Q is connected to at least one constant driver which has been preserved, other driver is ignored [c:/Users/yaroslav/Desktop/bachelor-project/vivado/tb/i2s_transceiver_tb/i2s_transceiver_tb.gen/sources_1/bd/design_1/ipshared/898a/i2s_transceiver.v:45]
CRITICAL WARNING: [Synth 8-6859] multi-driven net on pin Q with 1st driver pin 'inst/left_reg[14]__0/Q' [c:/Users/yaroslav/Desktop/bachelor-project/vivado/tb/i2s_transceiver_tb/i2s_transceiver_tb.gen/sources_1/bd/design_1/ipshared/898a/i2s_transceiver.v:45]
CRITICAL WARNING: [Synth 8-6859] multi-driven net on pin Q with 2nd driver pin 'GND' [c:/Users/yaroslav/Desktop/bachelor-project/vivado/tb/i2s_transceiver_tb/i2s_transceiver_tb.gen/sources_1/bd/design_1/ipshared/898a/i2s_transceiver.v:45]
CRITICAL WARNING: [Synth 8-6858] multi-driven net Q is connected to at least one constant driver which has been preserved, other driver is ignored [c:/Users/yaroslav/Desktop/bachelor-project/vivado/tb/i2s_transceiver_tb/i2s_transceiver_tb.gen/sources_1/bd/design_1/ipshared/898a/i2s_transceiver.v:45]
CRITICAL WARNING: [Synth 8-6859] multi-driven net on pin Q with 1st driver pin 'inst/left_reg[13]__0/Q' [c:/Users/yaroslav/Desktop/bachelor-project/vivado/tb/i2s_transceiver_tb/i2s_transceiver_tb.gen/sources_1/bd/design_1/ipshared/898a/i2s_transceiver.v:45]
CRITICAL WARNING: [Synth 8-6859] multi-driven net on pin Q with 2nd driver pin 'GND' [c:/Users/yaroslav/Desktop/bachelor-project/vivado/tb/i2s_transceiver_tb/i2s_transceiver_tb.gen/sources_1/bd/design_1/ipshared/898a/i2s_transceiver.v:45]
CRITICAL WARNING: [Synth 8-6858] multi-driven net Q is connected to at least one constant driver which has been preserved, other driver is ignored [c:/Users/yaroslav/Desktop/bachelor-project/vivado/tb/i2s_transceiver_tb/i2s_transceiver_tb.gen/sources_1/bd/design_1/ipshared/898a/i2s_transceiver.v:45]
CRITICAL WARNING: [Synth 8-6859] multi-driven net on pin Q with 1st driver pin 'inst/left_reg[12]__0/Q' [c:/Users/yaroslav/Desktop/bachelor-project/vivado/tb/i2s_transceiver_tb/i2s_transceiver_tb.gen/sources_1/bd/design_1/ipshared/898a/i2s_transceiver.v:45]
CRITICAL WARNING: [Synth 8-6859] multi-driven net on pin Q with 2nd driver pin 'GND' [c:/Users/yaroslav/Desktop/bachelor-project/vivado/tb/i2s_transceiver_tb/i2s_transceiver_tb.gen/sources_1/bd/design_1/ipshared/898a/i2s_transceiver.v:45]
CRITICAL WARNING: [Synth 8-6858] multi-driven net Q is connected to at least one constant driver which has been preserved, other driver is ignored [c:/Users/yaroslav/Desktop/bachelor-project/vivado/tb/i2s_transceiver_tb/i2s_transceiver_tb.gen/sources_1/bd/design_1/ipshared/898a/i2s_transceiver.v:45]
CRITICAL WARNING: [Synth 8-6859] multi-driven net on pin Q with 1st driver pin 'inst/left_reg[11]__0/Q' [c:/Users/yaroslav/Desktop/bachelor-project/vivado/tb/i2s_transceiver_tb/i2s_transceiver_tb.gen/sources_1/bd/design_1/ipshared/898a/i2s_transceiver.v:45]
CRITICAL WARNING: [Synth 8-6859] multi-driven net on pin Q with 2nd driver pin 'GND' [c:/Users/yaroslav/Desktop/bachelor-project/vivado/tb/i2s_transceiver_tb/i2s_transceiver_tb.gen/sources_1/bd/design_1/ipshared/898a/i2s_transceiver.v:45]
CRITICAL WARNING: [Synth 8-6858] multi-driven net Q is connected to at least one constant driver which has been preserved, other driver is ignored [c:/Users/yaroslav/Desktop/bachelor-project/vivado/tb/i2s_transceiver_tb/i2s_transceiver_tb.gen/sources_1/bd/design_1/ipshared/898a/i2s_transceiver.v:45]
CRITICAL WARNING: [Synth 8-6859] multi-driven net on pin Q with 1st driver pin 'inst/left_reg[10]__0/Q' [c:/Users/yaroslav/Desktop/bachelor-project/vivado/tb/i2s_transceiver_tb/i2s_transceiver_tb.gen/sources_1/bd/design_1/ipshared/898a/i2s_transceiver.v:45]
CRITICAL WARNING: [Synth 8-6859] multi-driven net on pin Q with 2nd driver pin 'GND' [c:/Users/yaroslav/Desktop/bachelor-project/vivado/tb/i2s_transceiver_tb/i2s_transceiver_tb.gen/sources_1/bd/design_1/ipshared/898a/i2s_transceiver.v:45]
CRITICAL WARNING: [Synth 8-6858] multi-driven net Q is connected to at least one constant driver which has been preserved, other driver is ignored [c:/Users/yaroslav/Desktop/bachelor-project/vivado/tb/i2s_transceiver_tb/i2s_transceiver_tb.gen/sources_1/bd/design_1/ipshared/898a/i2s_transceiver.v:45]
CRITICAL WARNING: [Synth 8-6859] multi-driven net on pin Q with 1st driver pin 'inst/left_reg[9]__0/Q' [c:/Users/yaroslav/Desktop/bachelor-project/vivado/tb/i2s_transceiver_tb/i2s_transceiver_tb.gen/sources_1/bd/design_1/ipshared/898a/i2s_transceiver.v:45]
CRITICAL WARNING: [Synth 8-6859] multi-driven net on pin Q with 2nd driver pin 'GND' [c:/Users/yaroslav/Desktop/bachelor-project/vivado/tb/i2s_transceiver_tb/i2s_transceiver_tb.gen/sources_1/bd/design_1/ipshared/898a/i2s_transceiver.v:45]
CRITICAL WARNING: [Synth 8-6858] multi-driven net Q is connected to at least one constant driver which has been preserved, other driver is ignored [c:/Users/yaroslav/Desktop/bachelor-project/vivado/tb/i2s_transceiver_tb/i2s_transceiver_tb.gen/sources_1/bd/design_1/ipshared/898a/i2s_transceiver.v:45]
CRITICAL WARNING: [Synth 8-6859] multi-driven net on pin Q with 1st driver pin 'inst/left_reg[8]__0/Q' [c:/Users/yaroslav/Desktop/bachelor-project/vivado/tb/i2s_transceiver_tb/i2s_transceiver_tb.gen/sources_1/bd/design_1/ipshared/898a/i2s_transceiver.v:45]
CRITICAL WARNING: [Synth 8-6859] multi-driven net on pin Q with 2nd driver pin 'GND' [c:/Users/yaroslav/Desktop/bachelor-project/vivado/tb/i2s_transceiver_tb/i2s_transceiver_tb.gen/sources_1/bd/design_1/ipshared/898a/i2s_transceiver.v:45]
CRITICAL WARNING: [Synth 8-6858] multi-driven net Q is connected to at least one constant driver which has been preserved, other driver is ignored [c:/Users/yaroslav/Desktop/bachelor-project/vivado/tb/i2s_transceiver_tb/i2s_transceiver_tb.gen/sources_1/bd/design_1/ipshared/898a/i2s_transceiver.v:45]
CRITICAL WARNING: [Synth 8-6859] multi-driven net on pin Q with 1st driver pin 'inst/left_reg[7]__0/Q' [c:/Users/yaroslav/Desktop/bachelor-project/vivado/tb/i2s_transceiver_tb/i2s_transceiver_tb.gen/sources_1/bd/design_1/ipshared/898a/i2s_transceiver.v:45]
CRITICAL WARNING: [Synth 8-6859] multi-driven net on pin Q with 2nd driver pin 'GND' [c:/Users/yaroslav/Desktop/bachelor-project/vivado/tb/i2s_transceiver_tb/i2s_transceiver_tb.gen/sources_1/bd/design_1/ipshared/898a/i2s_transceiver.v:45]
CRITICAL WARNING: [Synth 8-6858] multi-driven net Q is connected to at least one constant driver which has been preserved, other driver is ignored [c:/Users/yaroslav/Desktop/bachelor-project/vivado/tb/i2s_transceiver_tb/i2s_transceiver_tb.gen/sources_1/bd/design_1/ipshared/898a/i2s_transceiver.v:45]
CRITICAL WARNING: [Synth 8-6859] multi-driven net on pin Q with 1st driver pin 'inst/left_reg[6]__0/Q' [c:/Users/yaroslav/Desktop/bachelor-project/vivado/tb/i2s_transceiver_tb/i2s_transceiver_tb.gen/sources_1/bd/design_1/ipshared/898a/i2s_transceiver.v:45]
CRITICAL WARNING: [Synth 8-6859] multi-driven net on pin Q with 2nd driver pin 'GND' [c:/Users/yaroslav/Desktop/bachelor-project/vivado/tb/i2s_transceiver_tb/i2s_transceiver_tb.gen/sources_1/bd/design_1/ipshared/898a/i2s_transceiver.v:45]
CRITICAL WARNING: [Synth 8-6858] multi-driven net Q is connected to at least one constant driver which has been preserved, other driver is ignored [c:/Users/yaroslav/Desktop/bachelor-project/vivado/tb/i2s_transceiver_tb/i2s_transceiver_tb.gen/sources_1/bd/design_1/ipshared/898a/i2s_transceiver.v:45]
CRITICAL WARNING: [Synth 8-6859] multi-driven net on pin Q with 1st driver pin 'inst/left_reg[5]__0/Q' [c:/Users/yaroslav/Desktop/bachelor-project/vivado/tb/i2s_transceiver_tb/i2s_transceiver_tb.gen/sources_1/bd/design_1/ipshared/898a/i2s_transceiver.v:45]
CRITICAL WARNING: [Synth 8-6859] multi-driven net on pin Q with 2nd driver pin 'GND' [c:/Users/yaroslav/Desktop/bachelor-project/vivado/tb/i2s_transceiver_tb/i2s_transceiver_tb.gen/sources_1/bd/design_1/ipshared/898a/i2s_transceiver.v:45]
CRITICAL WARNING: [Synth 8-6858] multi-driven net Q is connected to at least one constant driver which has been preserved, other driver is ignored [c:/Users/yaroslav/Desktop/bachelor-project/vivado/tb/i2s_transceiver_tb/i2s_transceiver_tb.gen/sources_1/bd/design_1/ipshared/898a/i2s_transceiver.v:45]
CRITICAL WARNING: [Synth 8-6859] multi-driven net on pin Q with 1st driver pin 'inst/left_reg[4]__0/Q' [c:/Users/yaroslav/Desktop/bachelor-project/vivado/tb/i2s_transceiver_tb/i2s_transceiver_tb.gen/sources_1/bd/design_1/ipshared/898a/i2s_transceiver.v:45]
CRITICAL WARNING: [Synth 8-6859] multi-driven net on pin Q with 2nd driver pin 'GND' [c:/Users/yaroslav/Desktop/bachelor-project/vivado/tb/i2s_transceiver_tb/i2s_transceiver_tb.gen/sources_1/bd/design_1/ipshared/898a/i2s_transceiver.v:45]
CRITICAL WARNING: [Synth 8-6858] multi-driven net Q is connected to at least one constant driver which has been preserved, other driver is ignored [c:/Users/yaroslav/Desktop/bachelor-project/vivado/tb/i2s_transceiver_tb/i2s_transceiver_tb.gen/sources_1/bd/design_1/ipshared/898a/i2s_transceiver.v:45]
CRITICAL WARNING: [Synth 8-6859] multi-driven net on pin Q with 1st driver pin 'inst/left_reg[3]__0/Q' [c:/Users/yaroslav/Desktop/bachelor-project/vivado/tb/i2s_transceiver_tb/i2s_transceiver_tb.gen/sources_1/bd/design_1/ipshared/898a/i2s_transceiver.v:45]
CRITICAL WARNING: [Synth 8-6859] multi-driven net on pin Q with 2nd driver pin 'GND' [c:/Users/yaroslav/Desktop/bachelor-project/vivado/tb/i2s_transceiver_tb/i2s_transceiver_tb.gen/sources_1/bd/design_1/ipshared/898a/i2s_transceiver.v:45]
CRITICAL WARNING: [Synth 8-6858] multi-driven net Q is connected to at least one constant driver which has been preserved, other driver is ignored [c:/Users/yaroslav/Desktop/bachelor-project/vivado/tb/i2s_transceiver_tb/i2s_transceiver_tb.gen/sources_1/bd/design_1/ipshared/898a/i2s_transceiver.v:45]
CRITICAL WARNING: [Synth 8-6859] multi-driven net on pin Q with 1st driver pin 'inst/left_reg[2]__0/Q' [c:/Users/yaroslav/Desktop/bachelor-project/vivado/tb/i2s_transceiver_tb/i2s_transceiver_tb.gen/sources_1/bd/design_1/ipshared/898a/i2s_transceiver.v:45]
CRITICAL WARNING: [Synth 8-6859] multi-driven net on pin Q with 2nd driver pin 'GND' [c:/Users/yaroslav/Desktop/bachelor-project/vivado/tb/i2s_transceiver_tb/i2s_transceiver_tb.gen/sources_1/bd/design_1/ipshared/898a/i2s_transceiver.v:45]
CRITICAL WARNING: [Synth 8-6858] multi-driven net Q is connected to at least one constant driver which has been preserved, other driver is ignored [c:/Users/yaroslav/Desktop/bachelor-project/vivado/tb/i2s_transceiver_tb/i2s_transceiver_tb.gen/sources_1/bd/design_1/ipshared/898a/i2s_transceiver.v:45]
CRITICAL WARNING: [Synth 8-6859] multi-driven net on pin Q with 1st driver pin 'inst/left_reg[1]__0/Q' [c:/Users/yaroslav/Desktop/bachelor-project/vivado/tb/i2s_transceiver_tb/i2s_transceiver_tb.gen/sources_1/bd/design_1/ipshared/898a/i2s_transceiver.v:45]
CRITICAL WARNING: [Synth 8-6859] multi-driven net on pin Q with 2nd driver pin 'GND' [c:/Users/yaroslav/Desktop/bachelor-project/vivado/tb/i2s_transceiver_tb/i2s_transceiver_tb.gen/sources_1/bd/design_1/ipshared/898a/i2s_transceiver.v:45]
CRITICAL WARNING: [Synth 8-6858] multi-driven net Q is connected to at least one constant driver which has been preserved, other driver is ignored [c:/Users/yaroslav/Desktop/bachelor-project/vivado/tb/i2s_transceiver_tb/i2s_transceiver_tb.gen/sources_1/bd/design_1/ipshared/898a/i2s_transceiver.v:45]
CRITICAL WARNING: [Synth 8-6859] multi-driven net on pin Q with 1st driver pin 'inst/left_reg[0]__0/Q' [c:/Users/yaroslav/Desktop/bachelor-project/vivado/tb/i2s_transceiver_tb/i2s_transceiver_tb.gen/sources_1/bd/design_1/ipshared/898a/i2s_transceiver.v:45]
CRITICAL WARNING: [Synth 8-6859] multi-driven net on pin Q with 2nd driver pin 'GND' [c:/Users/yaroslav/Desktop/bachelor-project/vivado/tb/i2s_transceiver_tb/i2s_transceiver_tb.gen/sources_1/bd/design_1/ipshared/898a/i2s_transceiver.v:45]
CRITICAL WARNING: [Synth 8-6858] multi-driven net Q is connected to at least one constant driver which has been preserved, other driver is ignored [c:/Users/yaroslav/Desktop/bachelor-project/vivado/tb/i2s_transceiver_tb/i2s_transceiver_tb.gen/sources_1/bd/design_1/ipshared/898a/i2s_transceiver.v:45]
CRITICAL WARNING: [Synth 8-6859] multi-driven net on pin Q with 1st driver pin 'inst/right_reg[31]__0/Q' [c:/Users/yaroslav/Desktop/bachelor-project/vivado/tb/i2s_transceiver_tb/i2s_transceiver_tb.gen/sources_1/bd/design_1/ipshared/898a/i2s_transceiver.v:46]
CRITICAL WARNING: [Synth 8-6859] multi-driven net on pin Q with 2nd driver pin 'GND' [c:/Users/yaroslav/Desktop/bachelor-project/vivado/tb/i2s_transceiver_tb/i2s_transceiver_tb.gen/sources_1/bd/design_1/ipshared/898a/i2s_transceiver.v:46]
CRITICAL WARNING: [Synth 8-6858] multi-driven net Q is connected to at least one constant driver which has been preserved, other driver is ignored [c:/Users/yaroslav/Desktop/bachelor-project/vivado/tb/i2s_transceiver_tb/i2s_transceiver_tb.gen/sources_1/bd/design_1/ipshared/898a/i2s_transceiver.v:46]
CRITICAL WARNING: [Synth 8-6859] multi-driven net on pin Q with 1st driver pin 'inst/right_reg[30]__0/Q' [c:/Users/yaroslav/Desktop/bachelor-project/vivado/tb/i2s_transceiver_tb/i2s_transceiver_tb.gen/sources_1/bd/design_1/ipshared/898a/i2s_transceiver.v:46]
CRITICAL WARNING: [Synth 8-6859] multi-driven net on pin Q with 2nd driver pin 'GND' [c:/Users/yaroslav/Desktop/bachelor-project/vivado/tb/i2s_transceiver_tb/i2s_transceiver_tb.gen/sources_1/bd/design_1/ipshared/898a/i2s_transceiver.v:46]
CRITICAL WARNING: [Synth 8-6858] multi-driven net Q is connected to at least one constant driver which has been preserved, other driver is ignored [c:/Users/yaroslav/Desktop/bachelor-project/vivado/tb/i2s_transceiver_tb/i2s_transceiver_tb.gen/sources_1/bd/design_1/ipshared/898a/i2s_transceiver.v:46]
CRITICAL WARNING: [Synth 8-6859] multi-driven net on pin Q with 1st driver pin 'inst/right_reg[29]__0/Q' [c:/Users/yaroslav/Desktop/bachelor-project/vivado/tb/i2s_transceiver_tb/i2s_transceiver_tb.gen/sources_1/bd/design_1/ipshared/898a/i2s_transceiver.v:46]
CRITICAL WARNING: [Synth 8-6859] multi-driven net on pin Q with 2nd driver pin 'GND' [c:/Users/yaroslav/Desktop/bachelor-project/vivado/tb/i2s_transceiver_tb/i2s_transceiver_tb.gen/sources_1/bd/design_1/ipshared/898a/i2s_transceiver.v:46]
CRITICAL WARNING: [Synth 8-6858] multi-driven net Q is connected to at least one constant driver which has been preserved, other driver is ignored [c:/Users/yaroslav/Desktop/bachelor-project/vivado/tb/i2s_transceiver_tb/i2s_transceiver_tb.gen/sources_1/bd/design_1/ipshared/898a/i2s_transceiver.v:46]
CRITICAL WARNING: [Synth 8-6859] multi-driven net on pin Q with 1st driver pin 'inst/right_reg[28]__0/Q' [c:/Users/yaroslav/Desktop/bachelor-project/vivado/tb/i2s_transceiver_tb/i2s_transceiver_tb.gen/sources_1/bd/design_1/ipshared/898a/i2s_transceiver.v:46]
CRITICAL WARNING: [Synth 8-6859] multi-driven net on pin Q with 2nd driver pin 'GND' [c:/Users/yaroslav/Desktop/bachelor-project/vivado/tb/i2s_transceiver_tb/i2s_transceiver_tb.gen/sources_1/bd/design_1/ipshared/898a/i2s_transceiver.v:46]
CRITICAL WARNING: [Synth 8-6858] multi-driven net Q is connected to at least one constant driver which has been preserved, other driver is ignored [c:/Users/yaroslav/Desktop/bachelor-project/vivado/tb/i2s_transceiver_tb/i2s_transceiver_tb.gen/sources_1/bd/design_1/ipshared/898a/i2s_transceiver.v:46]
CRITICAL WARNING: [Synth 8-6859] multi-driven net on pin Q with 1st driver pin 'inst/right_reg[27]__0/Q' [c:/Users/yaroslav/Desktop/bachelor-project/vivado/tb/i2s_transceiver_tb/i2s_transceiver_tb.gen/sources_1/bd/design_1/ipshared/898a/i2s_transceiver.v:46]
CRITICAL WARNING: [Synth 8-6859] multi-driven net on pin Q with 2nd driver pin 'GND' [c:/Users/yaroslav/Desktop/bachelor-project/vivado/tb/i2s_transceiver_tb/i2s_transceiver_tb.gen/sources_1/bd/design_1/ipshared/898a/i2s_transceiver.v:46]
CRITICAL WARNING: [Synth 8-6858] multi-driven net Q is connected to at least one constant driver which has been preserved, other driver is ignored [c:/Users/yaroslav/Desktop/bachelor-project/vivado/tb/i2s_transceiver_tb/i2s_transceiver_tb.gen/sources_1/bd/design_1/ipshared/898a/i2s_transceiver.v:46]
CRITICAL WARNING: [Synth 8-6859] multi-driven net on pin Q with 1st driver pin 'inst/right_reg[26]__0/Q' [c:/Users/yaroslav/Desktop/bachelor-project/vivado/tb/i2s_transceiver_tb/i2s_transceiver_tb.gen/sources_1/bd/design_1/ipshared/898a/i2s_transceiver.v:46]
CRITICAL WARNING: [Synth 8-6859] multi-driven net on pin Q with 2nd driver pin 'GND' [c:/Users/yaroslav/Desktop/bachelor-project/vivado/tb/i2s_transceiver_tb/i2s_transceiver_tb.gen/sources_1/bd/design_1/ipshared/898a/i2s_transceiver.v:46]
CRITICAL WARNING: [Synth 8-6858] multi-driven net Q is connected to at least one constant driver which has been preserved, other driver is ignored [c:/Users/yaroslav/Desktop/bachelor-project/vivado/tb/i2s_transceiver_tb/i2s_transceiver_tb.gen/sources_1/bd/design_1/ipshared/898a/i2s_transceiver.v:46]
CRITICAL WARNING: [Synth 8-6859] multi-driven net on pin Q with 1st driver pin 'inst/right_reg[25]__0/Q' [c:/Users/yaroslav/Desktop/bachelor-project/vivado/tb/i2s_transceiver_tb/i2s_transceiver_tb.gen/sources_1/bd/design_1/ipshared/898a/i2s_transceiver.v:46]
CRITICAL WARNING: [Synth 8-6859] multi-driven net on pin Q with 2nd driver pin 'GND' [c:/Users/yaroslav/Desktop/bachelor-project/vivado/tb/i2s_transceiver_tb/i2s_transceiver_tb.gen/sources_1/bd/design_1/ipshared/898a/i2s_transceiver.v:46]
CRITICAL WARNING: [Synth 8-6858] multi-driven net Q is connected to at least one constant driver which has been preserved, other driver is ignored [c:/Users/yaroslav/Desktop/bachelor-project/vivado/tb/i2s_transceiver_tb/i2s_transceiver_tb.gen/sources_1/bd/design_1/ipshared/898a/i2s_transceiver.v:46]
CRITICAL WARNING: [Synth 8-6859] multi-driven net on pin Q with 1st driver pin 'inst/right_reg[24]__0/Q' [c:/Users/yaroslav/Desktop/bachelor-project/vivado/tb/i2s_transceiver_tb/i2s_transceiver_tb.gen/sources_1/bd/design_1/ipshared/898a/i2s_transceiver.v:46]
CRITICAL WARNING: [Synth 8-6859] multi-driven net on pin Q with 2nd driver pin 'GND' [c:/Users/yaroslav/Desktop/bachelor-project/vivado/tb/i2s_transceiver_tb/i2s_transceiver_tb.gen/sources_1/bd/design_1/ipshared/898a/i2s_transceiver.v:46]
CRITICAL WARNING: [Synth 8-6858] multi-driven net Q is connected to at least one constant driver which has been preserved, other driver is ignored [c:/Users/yaroslav/Desktop/bachelor-project/vivado/tb/i2s_transceiver_tb/i2s_transceiver_tb.gen/sources_1/bd/design_1/ipshared/898a/i2s_transceiver.v:46]
CRITICAL WARNING: [Synth 8-6859] multi-driven net on pin Q with 1st driver pin 'inst/right_reg[23]__0/Q' [c:/Users/yaroslav/Desktop/bachelor-project/vivado/tb/i2s_transceiver_tb/i2s_transceiver_tb.gen/sources_1/bd/design_1/ipshared/898a/i2s_transceiver.v:46]
CRITICAL WARNING: [Synth 8-6859] multi-driven net on pin Q with 2nd driver pin 'GND' [c:/Users/yaroslav/Desktop/bachelor-project/vivado/tb/i2s_transceiver_tb/i2s_transceiver_tb.gen/sources_1/bd/design_1/ipshared/898a/i2s_transceiver.v:46]
CRITICAL WARNING: [Synth 8-6858] multi-driven net Q is connected to at least one constant driver which has been preserved, other driver is ignored [c:/Users/yaroslav/Desktop/bachelor-project/vivado/tb/i2s_transceiver_tb/i2s_transceiver_tb.gen/sources_1/bd/design_1/ipshared/898a/i2s_transceiver.v:46]
CRITICAL WARNING: [Synth 8-6859] multi-driven net on pin Q with 1st driver pin 'inst/right_reg[22]__0/Q' [c:/Users/yaroslav/Desktop/bachelor-project/vivado/tb/i2s_transceiver_tb/i2s_transceiver_tb.gen/sources_1/bd/design_1/ipshared/898a/i2s_transceiver.v:46]
CRITICAL WARNING: [Synth 8-6859] multi-driven net on pin Q with 2nd driver pin 'GND' [c:/Users/yaroslav/Desktop/bachelor-project/vivado/tb/i2s_transceiver_tb/i2s_transceiver_tb.gen/sources_1/bd/design_1/ipshared/898a/i2s_transceiver.v:46]
CRITICAL WARNING: [Synth 8-6858] multi-driven net Q is connected to at least one constant driver which has been preserved, other driver is ignored [c:/Users/yaroslav/Desktop/bachelor-project/vivado/tb/i2s_transceiver_tb/i2s_transceiver_tb.gen/sources_1/bd/design_1/ipshared/898a/i2s_transceiver.v:46]
CRITICAL WARNING: [Synth 8-6859] multi-driven net on pin Q with 1st driver pin 'inst/right_reg[21]__0/Q' [c:/Users/yaroslav/Desktop/bachelor-project/vivado/tb/i2s_transceiver_tb/i2s_transceiver_tb.gen/sources_1/bd/design_1/ipshared/898a/i2s_transceiver.v:46]
CRITICAL WARNING: [Synth 8-6859] multi-driven net on pin Q with 2nd driver pin 'GND' [c:/Users/yaroslav/Desktop/bachelor-project/vivado/tb/i2s_transceiver_tb/i2s_transceiver_tb.gen/sources_1/bd/design_1/ipshared/898a/i2s_transceiver.v:46]
CRITICAL WARNING: [Synth 8-6858] multi-driven net Q is connected to at least one constant driver which has been preserved, other driver is ignored [c:/Users/yaroslav/Desktop/bachelor-project/vivado/tb/i2s_transceiver_tb/i2s_transceiver_tb.gen/sources_1/bd/design_1/ipshared/898a/i2s_transceiver.v:46]
CRITICAL WARNING: [Synth 8-6859] multi-driven net on pin Q with 1st driver pin 'inst/right_reg[20]__0/Q' [c:/Users/yaroslav/Desktop/bachelor-project/vivado/tb/i2s_transceiver_tb/i2s_transceiver_tb.gen/sources_1/bd/design_1/ipshared/898a/i2s_transceiver.v:46]
CRITICAL WARNING: [Synth 8-6859] multi-driven net on pin Q with 2nd driver pin 'GND' [c:/Users/yaroslav/Desktop/bachelor-project/vivado/tb/i2s_transceiver_tb/i2s_transceiver_tb.gen/sources_1/bd/design_1/ipshared/898a/i2s_transceiver.v:46]
CRITICAL WARNING: [Synth 8-6858] multi-driven net Q is connected to at least one constant driver which has been preserved, other driver is ignored [c:/Users/yaroslav/Desktop/bachelor-project/vivado/tb/i2s_transceiver_tb/i2s_transceiver_tb.gen/sources_1/bd/design_1/ipshared/898a/i2s_transceiver.v:46]
CRITICAL WARNING: [Synth 8-6859] multi-driven net on pin Q with 1st driver pin 'inst/right_reg[19]__0/Q' [c:/Users/yaroslav/Desktop/bachelor-project/vivado/tb/i2s_transceiver_tb/i2s_transceiver_tb.gen/sources_1/bd/design_1/ipshared/898a/i2s_transceiver.v:46]
CRITICAL WARNING: [Synth 8-6859] multi-driven net on pin Q with 2nd driver pin 'GND' [c:/Users/yaroslav/Desktop/bachelor-project/vivado/tb/i2s_transceiver_tb/i2s_transceiver_tb.gen/sources_1/bd/design_1/ipshared/898a/i2s_transceiver.v:46]
CRITICAL WARNING: [Synth 8-6858] multi-driven net Q is connected to at least one constant driver which has been preserved, other driver is ignored [c:/Users/yaroslav/Desktop/bachelor-project/vivado/tb/i2s_transceiver_tb/i2s_transceiver_tb.gen/sources_1/bd/design_1/ipshared/898a/i2s_transceiver.v:46]
CRITICAL WARNING: [Synth 8-6859] multi-driven net on pin Q with 1st driver pin 'inst/right_reg[18]__0/Q' [c:/Users/yaroslav/Desktop/bachelor-project/vivado/tb/i2s_transceiver_tb/i2s_transceiver_tb.gen/sources_1/bd/design_1/ipshared/898a/i2s_transceiver.v:46]
CRITICAL WARNING: [Synth 8-6859] multi-driven net on pin Q with 2nd driver pin 'GND' [c:/Users/yaroslav/Desktop/bachelor-project/vivado/tb/i2s_transceiver_tb/i2s_transceiver_tb.gen/sources_1/bd/design_1/ipshared/898a/i2s_transceiver.v:46]
CRITICAL WARNING: [Synth 8-6858] multi-driven net Q is connected to at least one constant driver which has been preserved, other driver is ignored [c:/Users/yaroslav/Desktop/bachelor-project/vivado/tb/i2s_transceiver_tb/i2s_transceiver_tb.gen/sources_1/bd/design_1/ipshared/898a/i2s_transceiver.v:46]
CRITICAL WARNING: [Synth 8-6859] multi-driven net on pin Q with 1st driver pin 'inst/right_reg[17]__0/Q' [c:/Users/yaroslav/Desktop/bachelor-project/vivado/tb/i2s_transceiver_tb/i2s_transceiver_tb.gen/sources_1/bd/design_1/ipshared/898a/i2s_transceiver.v:46]
CRITICAL WARNING: [Synth 8-6859] multi-driven net on pin Q with 2nd driver pin 'GND' [c:/Users/yaroslav/Desktop/bachelor-project/vivado/tb/i2s_transceiver_tb/i2s_transceiver_tb.gen/sources_1/bd/design_1/ipshared/898a/i2s_transceiver.v:46]
CRITICAL WARNING: [Synth 8-6858] multi-driven net Q is connected to at least one constant driver which has been preserved, other driver is ignored [c:/Users/yaroslav/Desktop/bachelor-project/vivado/tb/i2s_transceiver_tb/i2s_transceiver_tb.gen/sources_1/bd/design_1/ipshared/898a/i2s_transceiver.v:46]
CRITICAL WARNING: [Synth 8-6859] multi-driven net on pin Q with 1st driver pin 'inst/right_reg[16]__0/Q' [c:/Users/yaroslav/Desktop/bachelor-project/vivado/tb/i2s_transceiver_tb/i2s_transceiver_tb.gen/sources_1/bd/design_1/ipshared/898a/i2s_transceiver.v:46]
CRITICAL WARNING: [Synth 8-6859] multi-driven net on pin Q with 2nd driver pin 'GND' [c:/Users/yaroslav/Desktop/bachelor-project/vivado/tb/i2s_transceiver_tb/i2s_transceiver_tb.gen/sources_1/bd/design_1/ipshared/898a/i2s_transceiver.v:46]
CRITICAL WARNING: [Synth 8-6858] multi-driven net Q is connected to at least one constant driver which has been preserved, other driver is ignored [c:/Users/yaroslav/Desktop/bachelor-project/vivado/tb/i2s_transceiver_tb/i2s_transceiver_tb.gen/sources_1/bd/design_1/ipshared/898a/i2s_transceiver.v:46]
CRITICAL WARNING: [Synth 8-6859] multi-driven net on pin Q with 1st driver pin 'inst/right_reg[15]__0/Q' [c:/Users/yaroslav/Desktop/bachelor-project/vivado/tb/i2s_transceiver_tb/i2s_transceiver_tb.gen/sources_1/bd/design_1/ipshared/898a/i2s_transceiver.v:46]
CRITICAL WARNING: [Synth 8-6859] multi-driven net on pin Q with 2nd driver pin 'GND' [c:/Users/yaroslav/Desktop/bachelor-project/vivado/tb/i2s_transceiver_tb/i2s_transceiver_tb.gen/sources_1/bd/design_1/ipshared/898a/i2s_transceiver.v:46]
INFO: [Common 17-14] Message 'Synth 8-6859' appears 100 times and further instances of the messages will be disabled. Use the Tcl command set_msg_config to change the current settings.
CRITICAL WARNING: [Synth 8-6858] multi-driven net Q is connected to at least one constant driver which has been preserved, other driver is ignored [c:/Users/yaroslav/Desktop/bachelor-project/vivado/tb/i2s_transceiver_tb/i2s_transceiver_tb.gen/sources_1/bd/design_1/ipshared/898a/i2s_transceiver.v:46]
CRITICAL WARNING: [Synth 8-6858] multi-driven net Q is connected to at least one constant driver which has been preserved, other driver is ignored [c:/Users/yaroslav/Desktop/bachelor-project/vivado/tb/i2s_transceiver_tb/i2s_transceiver_tb.gen/sources_1/bd/design_1/ipshared/898a/i2s_transceiver.v:46]
CRITICAL WARNING: [Synth 8-6858] multi-driven net Q is connected to at least one constant driver which has been preserved, other driver is ignored [c:/Users/yaroslav/Desktop/bachelor-project/vivado/tb/i2s_transceiver_tb/i2s_transceiver_tb.gen/sources_1/bd/design_1/ipshared/898a/i2s_transceiver.v:46]
CRITICAL WARNING: [Synth 8-6858] multi-driven net Q is connected to at least one constant driver which has been preserved, other driver is ignored [c:/Users/yaroslav/Desktop/bachelor-project/vivado/tb/i2s_transceiver_tb/i2s_transceiver_tb.gen/sources_1/bd/design_1/ipshared/898a/i2s_transceiver.v:46]
CRITICAL WARNING: [Synth 8-6858] multi-driven net Q is connected to at least one constant driver which has been preserved, other driver is ignored [c:/Users/yaroslav/Desktop/bachelor-project/vivado/tb/i2s_transceiver_tb/i2s_transceiver_tb.gen/sources_1/bd/design_1/ipshared/898a/i2s_transceiver.v:46]
CRITICAL WARNING: [Synth 8-6858] multi-driven net Q is connected to at least one constant driver which has been preserved, other driver is ignored [c:/Users/yaroslav/Desktop/bachelor-project/vivado/tb/i2s_transceiver_tb/i2s_transceiver_tb.gen/sources_1/bd/design_1/ipshared/898a/i2s_transceiver.v:46]
CRITICAL WARNING: [Synth 8-6858] multi-driven net Q is connected to at least one constant driver which has been preserved, other driver is ignored [c:/Users/yaroslav/Desktop/bachelor-project/vivado/tb/i2s_transceiver_tb/i2s_transceiver_tb.gen/sources_1/bd/design_1/ipshared/898a/i2s_transceiver.v:46]
CRITICAL WARNING: [Synth 8-6858] multi-driven net Q is connected to at least one constant driver which has been preserved, other driver is ignored [c:/Users/yaroslav/Desktop/bachelor-project/vivado/tb/i2s_transceiver_tb/i2s_transceiver_tb.gen/sources_1/bd/design_1/ipshared/898a/i2s_transceiver.v:46]
CRITICAL WARNING: [Synth 8-6858] multi-driven net Q is connected to at least one constant driver which has been preserved, other driver is ignored [c:/Users/yaroslav/Desktop/bachelor-project/vivado/tb/i2s_transceiver_tb/i2s_transceiver_tb.gen/sources_1/bd/design_1/ipshared/898a/i2s_transceiver.v:46]
CRITICAL WARNING: [Synth 8-6858] multi-driven net Q is connected to at least one constant driver which has been preserved, other driver is ignored [c:/Users/yaroslav/Desktop/bachelor-project/vivado/tb/i2s_transceiver_tb/i2s_transceiver_tb.gen/sources_1/bd/design_1/ipshared/898a/i2s_transceiver.v:46]
CRITICAL WARNING: [Synth 8-6858] multi-driven net Q is connected to at least one constant driver which has been preserved, other driver is ignored [c:/Users/yaroslav/Desktop/bachelor-project/vivado/tb/i2s_transceiver_tb/i2s_transceiver_tb.gen/sources_1/bd/design_1/ipshared/898a/i2s_transceiver.v:46]
CRITICAL WARNING: [Synth 8-6858] multi-driven net Q is connected to at least one constant driver which has been preserved, other driver is ignored [c:/Users/yaroslav/Desktop/bachelor-project/vivado/tb/i2s_transceiver_tb/i2s_transceiver_tb.gen/sources_1/bd/design_1/ipshared/898a/i2s_transceiver.v:46]
CRITICAL WARNING: [Synth 8-6858] multi-driven net Q is connected to at least one constant driver which has been preserved, other driver is ignored [c:/Users/yaroslav/Desktop/bachelor-project/vivado/tb/i2s_transceiver_tb/i2s_transceiver_tb.gen/sources_1/bd/design_1/ipshared/898a/i2s_transceiver.v:46]
CRITICAL WARNING: [Synth 8-6858] multi-driven net Q is connected to at least one constant driver which has been preserved, other driver is ignored [c:/Users/yaroslav/Desktop/bachelor-project/vivado/tb/i2s_transceiver_tb/i2s_transceiver_tb.gen/sources_1/bd/design_1/ipshared/898a/i2s_transceiver.v:46]
CRITICAL WARNING: [Synth 8-6858] multi-driven net Q is connected to at least one constant driver which has been preserved, other driver is ignored [c:/Users/yaroslav/Desktop/bachelor-project/vivado/tb/i2s_transceiver_tb/i2s_transceiver_tb.gen/sources_1/bd/design_1/ipshared/898a/i2s_transceiver.v:46]
CRITICAL WARNING: [Synth 8-6858] multi-driven net Q is connected to at least one constant driver which has been preserved, other driver is ignored [c:/Users/yaroslav/Desktop/bachelor-project/vivado/tb/i2s_transceiver_tb/i2s_transceiver_tb.gen/sources_1/bd/design_1/ipshared/898a/i2s_transceiver.v:46]
---------------------------------------------------------------------------------
Finished Cross Boundary and Area Optimization : Time (s): cpu = 00:00:11 ; elapsed = 00:00:12 . Memory (MB): peak = 1228.016 ; gain = 0.000
---------------------------------------------------------------------------------
No constraint files found.
---------------------------------------------------------------------------------
Start Timing Optimization
---------------------------------------------------------------------------------
---------------------------------------------------------------------------------
Finished Timing Optimization : Time (s): cpu = 00:00:11 ; elapsed = 00:00:12 . Memory (MB): peak = 1228.016 ; gain = 0.000
---------------------------------------------------------------------------------
---------------------------------------------------------------------------------
Start Technology Mapping
---------------------------------------------------------------------------------
---------------------------------------------------------------------------------
Finished Technology Mapping : Time (s): cpu = 00:00:11 ; elapsed = 00:00:12 . Memory (MB): peak = 1228.016 ; gain = 0.000
---------------------------------------------------------------------------------
---------------------------------------------------------------------------------
Start IO Insertion
---------------------------------------------------------------------------------
---------------------------------------------------------------------------------
Start Flattening Before IO Insertion
---------------------------------------------------------------------------------
---------------------------------------------------------------------------------
Finished Flattening Before IO Insertion
---------------------------------------------------------------------------------
---------------------------------------------------------------------------------
Start Final Netlist Cleanup
---------------------------------------------------------------------------------
---------------------------------------------------------------------------------
Finished Final Netlist Cleanup
---------------------------------------------------------------------------------
---------------------------------------------------------------------------------
Finished IO Insertion : Time (s): cpu = 00:00:14 ; elapsed = 00:00:16 . Memory (MB): peak = 1228.016 ; gain = 0.000
---------------------------------------------------------------------------------
---------------------------------------------------------------------------------
Start Renaming Generated Instances
---------------------------------------------------------------------------------
---------------------------------------------------------------------------------
Finished Renaming Generated Instances : Time (s): cpu = 00:00:14 ; elapsed = 00:00:16 . Memory (MB): peak = 1228.016 ; gain = 0.000
---------------------------------------------------------------------------------
---------------------------------------------------------------------------------
Start Rebuilding User Hierarchy
---------------------------------------------------------------------------------
---------------------------------------------------------------------------------
Finished Rebuilding User Hierarchy : Time (s): cpu = 00:00:14 ; elapsed = 00:00:16 . Memory (MB): peak = 1228.016 ; gain = 0.000
---------------------------------------------------------------------------------
---------------------------------------------------------------------------------
Start Renaming Generated Ports
---------------------------------------------------------------------------------
---------------------------------------------------------------------------------
Finished Renaming Generated Ports : Time (s): cpu = 00:00:14 ; elapsed = 00:00:16 . Memory (MB): peak = 1228.016 ; gain = 0.000
---------------------------------------------------------------------------------
---------------------------------------------------------------------------------
Start Handling Custom Attributes
---------------------------------------------------------------------------------
---------------------------------------------------------------------------------
Finished Handling Custom Attributes : Time (s): cpu = 00:00:14 ; elapsed = 00:00:16 . Memory (MB): peak = 1228.016 ; gain = 0.000
---------------------------------------------------------------------------------
---------------------------------------------------------------------------------
Start Renaming Generated Nets
---------------------------------------------------------------------------------
---------------------------------------------------------------------------------
Finished Renaming Generated Nets : Time (s): cpu = 00:00:14 ; elapsed = 00:00:16 . Memory (MB): peak = 1228.016 ; gain = 0.000
---------------------------------------------------------------------------------
---------------------------------------------------------------------------------
Start Writing Synthesis Report
---------------------------------------------------------------------------------

Report BlackBoxes: 
+-+--------------+----------+
| |BlackBox name |Instances |
+-+--------------+----------+
+-+--------------+----------+

Report Cell Usage: 
+------+-------+------+
|      |Cell   |Count |
+------+-------+------+
|1     |CARRY4 |     2|
|2     |LUT1   |     1|
|3     |LUT2   |     7|
|4     |LUT6   |     1|
|5     |FDCE   |     5|
|6     |FDPE   |     2|
+------+-------+------+

Report Instance Areas: 
+------+---------+----------------+------+
|      |Instance |Module          |Cells |
+------+---------+----------------+------+
|1     |top      |                |    18|
|2     |  inst   |i2s_transceiver |    18|
+------+---------+----------------+------+
---------------------------------------------------------------------------------
Finished Writing Synthesis Report : Time (s): cpu = 00:00:14 ; elapsed = 00:00:16 . Memory (MB): peak = 1228.016 ; gain = 0.000
---------------------------------------------------------------------------------
Synthesis finished with 0 errors, 195 critical warnings and 0 warnings.
Synthesis Optimization Runtime : Time (s): cpu = 00:00:14 ; elapsed = 00:00:16 . Memory (MB): peak = 1228.016 ; gain = 0.000
Synthesis Optimization Complete : Time (s): cpu = 00:00:14 ; elapsed = 00:00:16 . Memory (MB): peak = 1228.016 ; gain = 0.000
INFO: [Project 1-571] Translating synthesized netlist
Netlist sorting complete. Time (s): cpu = 00:00:00 ; elapsed = 00:00:00.001 . Memory (MB): peak = 1228.016 ; gain = 0.000
INFO: [Netlist 29-17] Analyzing 2 Unisim elements for replacement
INFO: [Netlist 29-28] Unisim Transformation completed in 0 CPU seconds
INFO: [Project 1-570] Preparing netlist for logic optimization
INFO: [Opt 31-138] Pushed 0 inverter(s) to 0 load pin(s).
Netlist sorting complete. Time (s): cpu = 00:00:00 ; elapsed = 00:00:00 . Memory (MB): peak = 1228.016 ; gain = 0.000
INFO: [Project 1-111] Unisim Transformation Summary:
No Unisim elements were transformed.

Synth Design complete, checksum: 9989a624
INFO: [Common 17-83] Releasing license: Synthesis
20 Infos, 1 Warnings, 165 Critical Warnings and 0 Errors encountered.
synth_design completed successfully
synth_design: Time (s): cpu = 00:00:17 ; elapsed = 00:00:19 . Memory (MB): peak = 1228.016 ; gain = 0.000
INFO: [Timing 38-35] Done setting XDC timing constraints.
INFO: [Common 17-1381] The checkpoint 'C:/Users/yaroslav/Desktop/bachelor-project/vivado/tb/i2s_transceiver_tb/i2s_transceiver_tb.runs/design_1_i2s_transceiver_0_0_synth_1/design_1_i2s_transceiver_0_0.dcp' has been generated.
write_checkpoint: Time (s): cpu = 00:00:09 ; elapsed = 00:00:10 . Memory (MB): peak = 1445.082 ; gain = 217.066
INFO: [runtcl-6] Synthesis results are not added to the cache due to CRITICAL_WARNING
INFO: [Common 17-1381] The checkpoint 'C:/Users/yaroslav/Desktop/bachelor-project/vivado/tb/i2s_transceiver_tb/i2s_transceiver_tb.runs/design_1_i2s_transceiver_0_0_synth_1/design_1_i2s_transceiver_0_0.dcp' has been generated.
INFO: [runtcl-4] Executing : report_utilization -file design_1_i2s_transceiver_0_0_utilization_synth.rpt -pb design_1_i2s_transceiver_0_0_utilization_synth.pb
INFO: [Common 17-206] Exiting Vivado at Mon May 15 18:27:01 2023...
