Copyright 1986-2021 Xilinx, Inc. All Rights Reserved.
------------------------------------------------------------------------------------
| Tool Version : Vivado v.2021.1 (win64) Build 3247384 Thu Jun 10 19:36:33 MDT 2021
| Date         : Tue May 16 15:35:33 2023
| Host         : KOMPUTER running 64-bit major release  (build 9200)
| Command      : upgrade_ip
| Device       : xc7z010clg400-1
------------------------------------------------------------------------------------

Upgrade Log for IP 'design_1_i2s_transceiver_0_0'

1. Summary
----------

SUCCESS in the upgrade of design_1_i2s_transceiver_0_0 (xilinx.com:user:i2s_transceiver:1.0) from (Rev. 5) to (Rev. 9)






Copyright 1986-2021 Xilinx, Inc. All Rights Reserved.
------------------------------------------------------------------------------------
| Tool Version : Vivado v.2021.1 (win64) Build 3247384 Thu Jun 10 19:36:33 MDT 2021
| Date         : Mon May 15 18:26:17 2023
| Host         : KOMPUTER running 64-bit major release  (build 9200)
| Command      : upgrade_ip
| Device       : xc7z010clg400-1
------------------------------------------------------------------------------------

Upgrade Log for IP 'design_1_i2s_transceiver_0_0'

1. Summary
----------

SUCCESS in the upgrade of design_1_i2s_transceiver_0_0 (xilinx.com:user:i2s_transceiver:1.0) from (Rev. 3) to (Rev. 5)

